{"/home/travis/build/npmtest/node-npmtest-fancybox/test.js":{"path":"/home/travis/build/npmtest/node-npmtest-fancybox/test.js","s":{"1":2,"2":2,"3":2,"4":2,"5":2,"6":2,"7":2,"8":1,"9":2,"10":2,"11":1,"12":1,"13":1,"14":1,"15":2,"16":2,"17":2,"18":2,"19":1,"20":1,"21":2,"22":2,"23":2,"24":1,"25":1,"26":1,"27":1,"28":1,"29":1,"30":1,"31":1,"32":1,"33":1,"34":1,"35":1,"36":1,"37":1,"38":1,"39":2,"40":2,"41":1,"42":2,"43":2,"44":1,"45":2,"46":2,"47":1,"48":2,"49":2,"50":1,"51":1,"52":1,"53":1,"54":1},"b":{"1":[2,1,1,1],"2":[1,1,1,1],"3":[1,1],"4":[1,1],"5":[1,1],"6":[1,1],"7":[1,1],"8":[1,1],"9":[1,1],"10":[1,1,1],"11":[1,1],"12":[1,1],"13":[1,1],"14":[1,1],"15":[1,1],"16":[1,1],"17":[1,1]},"f":{"1":2,"2":2,"3":2,"4":2,"5":2,"6":1,"7":1,"8":1,"9":2,"10":2,"11":2,"12":2,"13":1},"fnMap":{"1":{"name":"(anonymous_1)","line":12,"loc":{"start":{"line":12,"column":1},"end":{"line":12,"column":13}}},"2":{"name":"(anonymous_2)","line":19,"loc":{"start":{"line":19,"column":5},"end":{"line":19,"column":17}}},"3":{"name":"(anonymous_3)","line":23,"loc":{"start":{"line":23,"column":24},"end":{"line":23,"column":36}}},"4":{"name":"(anonymous_4)","line":61,"loc":{"start":{"line":61,"column":5},"end":{"line":61,"column":17}}},"5":{"name":"(anonymous_5)","line":82,"loc":{"start":{"line":82,"column":5},"end":{"line":82,"column":17}}},"6":{"name":"(anonymous_6)","line":91,"loc":{"start":{"line":91,"column":77},"end":{"line":94,"column":10}}},"7":{"name":"(anonymous_7)","line":112,"loc":{"start":{"line":112,"column":83},"end":{"line":115,"column":10}},"skip":true},"8":{"name":"(anonymous_8)","line":123,"loc":{"start":{"line":123,"column":77},"end":{"line":126,"column":10}},"skip":true},"9":{"name":"(anonymous_9)","line":139,"loc":{"start":{"line":139,"column":12},"end":{"line":139,"column":40}},"skip":true},"10":{"name":"(anonymous_10)","line":147,"loc":{"start":{"line":147,"column":77},"end":{"line":150,"column":10}},"skip":true},"11":{"name":"(anonymous_11)","line":158,"loc":{"start":{"line":158,"column":83},"end":{"line":161,"column":10}},"skip":true},"12":{"name":"(anonymous_12)","line":169,"loc":{"start":{"line":169,"column":79},"end":{"line":172,"column":10}},"skip":true},"13":{"name":"(anonymous_13)","line":180,"loc":{"start":{"line":180,"column":75},"end":{"line":183,"column":10}},"skip":true}},"statementMap":{"1":{"start":{"line":12,"column":0},"end":{"line":195,"column":5}},"2":{"start":{"line":14,"column":4},"end":{"line":14,"column":14}},"3":{"start":{"line":19,"column":4},"end":{"line":56,"column":9}},"4":{"start":{"line":21,"column":8},"end":{"line":21,"column":19}},"5":{"start":{"line":23,"column":8},"end":{"line":35,"column":13}},"6":{"start":{"line":24,"column":12},"end":{"line":34,"column":13}},"7":{"start":{"line":25,"column":16},"end":{"line":28,"column":30}},"8":{"start":{"line":30,"column":16},"end":{"line":33,"column":27}},"9":{"start":{"line":37,"column":8},"end":{"line":39,"column":21}},"10":{"start":{"line":40,"column":8},"end":{"line":53,"column":9}},"11":{"start":{"line":43,"column":12},"end":{"line":46,"column":14}},"12":{"start":{"line":47,"column":12},"end":{"line":47,"column":18}},"13":{"start":{"line":50,"column":12},"end":{"line":51,"column":33}},"14":{"start":{"line":52,"column":12},"end":{"line":52,"column":18}},"15":{"start":{"line":55,"column":8},"end":{"line":55,"column":35}},"16":{"start":{"line":61,"column":4},"end":{"line":63,"column":9}},"17":{"start":{"line":62,"column":8},"end":{"line":62,"column":15}},"18":{"start":{"line":64,"column":4},"end":{"line":77,"column":5}},"19":{"start":{"line":70,"column":8},"end":{"line":70,"column":14}},"20":{"start":{"line":76,"column":8},"end":{"line":76,"column":14}},"21":{"start":{"line":82,"column":4},"end":{"line":84,"column":9}},"22":{"start":{"line":83,"column":8},"end":{"line":83,"column":15}},"23":{"start":{"line":85,"column":4},"end":{"line":194,"column":5}},"24":{"start":{"line":91,"column":8},"end":{"line":99,"column":10}},"25":{"start":{"line":98,"column":12},"end":{"line":98,"column":35}},"26":{"start":{"line":102,"column":8},"end":{"line":104,"column":63}},"27":{"start":{"line":105,"column":8},"end":{"line":105,"column":14}},"28":{"start":{"line":112,"column":8},"end":{"line":121,"column":10},"skip":true},"29":{"start":{"line":119,"column":12},"end":{"line":119,"column":55},"skip":true},"30":{"start":{"line":120,"column":12},"end":{"line":120,"column":48},"skip":true},"31":{"start":{"line":123,"column":8},"end":{"line":136,"column":10},"skip":true},"32":{"start":{"line":130,"column":12},"end":{"line":130,"column":76},"skip":true},"33":{"start":{"line":131,"column":12},"end":{"line":131,"column":73},"skip":true},"34":{"start":{"line":132,"column":12},"end":{"line":132,"column":74},"skip":true},"35":{"start":{"line":133,"column":12},"end":{"line":133,"column":79},"skip":true},"36":{"start":{"line":134,"column":12},"end":{"line":134,"column":25},"skip":true},"37":{"start":{"line":135,"column":12},"end":{"line":135,"column":45},"skip":true},"38":{"start":{"line":138,"column":8},"end":{"line":145,"column":14},"skip":true},"39":{"start":{"line":143,"column":16},"end":{"line":143,"column":29},"skip":true},"40":{"start":{"line":144,"column":16},"end":{"line":144,"column":55},"skip":true},"41":{"start":{"line":147,"column":8},"end":{"line":156,"column":10},"skip":true},"42":{"start":{"line":154,"column":12},"end":{"line":154,"column":25},"skip":true},"43":{"start":{"line":155,"column":12},"end":{"line":155,"column":45},"skip":true},"44":{"start":{"line":158,"column":8},"end":{"line":167,"column":10},"skip":true},"45":{"start":{"line":165,"column":12},"end":{"line":165,"column":25},"skip":true},"46":{"start":{"line":166,"column":12},"end":{"line":166,"column":48},"skip":true},"47":{"start":{"line":169,"column":8},"end":{"line":178,"column":10},"skip":true},"48":{"start":{"line":176,"column":12},"end":{"line":176,"column":25},"skip":true},"49":{"start":{"line":177,"column":12},"end":{"line":177,"column":46},"skip":true},"50":{"start":{"line":180,"column":8},"end":{"line":189,"column":10},"skip":true},"51":{"start":{"line":187,"column":12},"end":{"line":187,"column":94},"skip":true},"52":{"start":{"line":188,"column":12},"end":{"line":188,"column":48},"skip":true},"53":{"start":{"line":192,"column":8},"end":{"line":192,"column":35},"skip":true},"54":{"start":{"line":193,"column":8},"end":{"line":193,"column":14},"skip":true}},"branchMap":{"1":{"line":25,"type":"binary-expr","locations":[{"start":{"line":25,"column":23},"end":{"line":25,"column":62}},{"start":{"line":26,"column":20},"end":{"line":26,"column":70}},{"start":{"line":27,"column":20},"end":{"line":27,"column":71}},{"start":{"line":28,"column":20},"end":{"line":28,"column":29}}]},"2":{"line":30,"type":"binary-expr","locations":[{"start":{"line":30,"column":23},"end":{"line":30,"column":37}},{"start":{"line":31,"column":20},"end":{"line":31,"column":61}},{"start":{"line":32,"column":20},"end":{"line":32,"column":70}},{"start":{"line":33,"column":20},"end":{"line":33,"column":26}}]},"3":{"line":37,"type":"cond-expr","locations":[{"start":{"line":38,"column":14},"end":{"line":38,"column":20}},{"start":{"line":39,"column":14},"end":{"line":39,"column":20}}]},"4":{"line":40,"type":"switch","locations":[{"start":{"line":42,"column":8},"end":{"line":47,"column":18}},{"start":{"line":49,"column":8},"end":{"line":52,"column":18}}]},"5":{"line":44,"type":"binary-expr","locations":[{"start":{"line":44,"column":16},"end":{"line":44,"column":44}},{"start":{"line":44,"column":48},"end":{"line":44,"column":66}}]},"6":{"line":50,"type":"binary-expr","locations":[{"start":{"line":50,"column":21},"end":{"line":50,"column":49}},{"start":{"line":50,"column":53},"end":{"line":50,"column":72}}]},"7":{"line":64,"type":"switch","locations":[{"start":{"line":69,"column":4},"end":{"line":70,"column":14}},{"start":{"line":75,"column":4},"end":{"line":76,"column":14}}]},"8":{"line":85,"type":"switch","locations":[{"start":{"line":90,"column":4},"end":{"line":105,"column":14}},{"start":{"line":111,"column":4},"end":{"line":193,"column":14},"skip":true}]},"9":{"line":91,"type":"binary-expr","locations":[{"start":{"line":91,"column":42},"end":{"line":91,"column":73}},{"start":{"line":91,"column":77},"end":{"line":99,"column":9}}]},"10":{"line":102,"type":"binary-expr","locations":[{"start":{"line":102,"column":18},"end":{"line":102,"column":32}},{"start":{"line":103,"column":12},"end":{"line":103,"column":53}},{"start":{"line":104,"column":12},"end":{"line":104,"column":61}}]},"11":{"line":112,"type":"binary-expr","locations":[{"start":{"line":112,"column":45},"end":{"line":112,"column":79},"skip":true},{"start":{"line":112,"column":83},"end":{"line":121,"column":9},"skip":true}]},"12":{"line":123,"type":"binary-expr","locations":[{"start":{"line":123,"column":42},"end":{"line":123,"column":73},"skip":true},{"start":{"line":123,"column":77},"end":{"line":136,"column":9},"skip":true}]},"13":{"line":138,"type":"binary-expr","locations":[{"start":{"line":138,"column":48},"end":{"line":138,"column":85},"skip":true},{"start":{"line":139,"column":12},"end":{"line":145,"column":13},"skip":true}]},"14":{"line":147,"type":"binary-expr","locations":[{"start":{"line":147,"column":42},"end":{"line":147,"column":73},"skip":true},{"start":{"line":147,"column":77},"end":{"line":156,"column":9},"skip":true}]},"15":{"line":158,"type":"binary-expr","locations":[{"start":{"line":158,"column":45},"end":{"line":158,"column":79},"skip":true},{"start":{"line":158,"column":83},"end":{"line":167,"column":9},"skip":true}]},"16":{"line":169,"type":"binary-expr","locations":[{"start":{"line":169,"column":43},"end":{"line":169,"column":75},"skip":true},{"start":{"line":169,"column":79},"end":{"line":178,"column":9},"skip":true}]},"17":{"line":180,"type":"binary-expr","locations":[{"start":{"line":180,"column":41},"end":{"line":180,"column":71},"skip":true},{"start":{"line":180,"column":75},"end":{"line":189,"column":9},"skip":true}]}},"code":["/* istanbul instrument in package npmtest_fancybox */","/*jslint","    bitwise: true,","    browser: true,","    maxerr: 8,","    maxlen: 96,","    node: true,","    nomen: true,","    regexp: true,","    stupid: true","*/","(function () {","    'use strict';","    var local;","","","","    // run shared js-env code - init-before","    (function () {","        // init local","        local = {};","        // init modeJs","        local.modeJs = (function () {","            try {","                return typeof navigator.userAgent === 'string' &&","                    typeof document.querySelector('body') === 'object' &&","                    typeof XMLHttpRequest.prototype.open === 'function' &&","                    'browser';","            } catch (errorCaughtBrowser) {","                return module.exports &&","                    typeof process.versions.node === 'string' &&","                    typeof require('http').createServer === 'function' &&","                    'node';","            }","        }());","        // init global","        local.global = local.modeJs === 'browser'","            ? window","            : global;","        switch (local.modeJs) {","        // re-init local from window.local","        case 'browser':","            local = local.global.utility2.objectSetDefault(","                local.global.utility2_rollup || local.global.local,","                local.global.utility2","            );","            break;","        // re-init local from example.js","        case 'node':","            local = (local.global.utility2_rollup || require('utility2'))","                .requireReadme();","            break;","        }","        // export local","        local.global.local = local;","    }());","","","","    // run shared js-env code - function","    (function () {","        return;","    }());","    switch (local.modeJs) {","","","","    // run browser js-env code - function","    case 'browser':","        break;","","","","    // run node js-env code - function","    case 'node':","        break;","    }","","","","    // run shared js-env code - init-after","    (function () {","        return;","    }());","    switch (local.modeJs) {","","","","    // run browser js-env code - init-after","    case 'browser':","        local.testCase_browser_nullCase = local.testCase_browser_nullCase || function (","            options,","            onError","        ) {","        /*","         * this function will test browsers's null-case handling-behavior-behavior","         */","            onError(null, options);","        };","","        // run tests","        local.nop(local.modeTest &&","            document.querySelector('#testRunButton1') &&","            document.querySelector('#testRunButton1').click());","        break;","","","","    // run node js-env code - init-after","    /* istanbul ignore next */","    case 'node':","        local.testCase_buildApidoc_default = local.testCase_buildApidoc_default || function (","            options,","            onError","        ) {","        /*","         * this function will test buildApidoc's default handling-behavior-behavior","         */","            options = { modulePathList: module.paths };","            local.buildApidoc(options, onError);","        };","","        local.testCase_buildApp_default = local.testCase_buildApp_default || function (","            options,","            onError","        ) {","        /*","         * this function will test buildApp's default handling-behavior-behavior","         */","            local.testCase_buildReadme_default(options, local.onErrorThrow);","            local.testCase_buildLib_default(options, local.onErrorThrow);","            local.testCase_buildTest_default(options, local.onErrorThrow);","            local.testCase_buildCustomOrg_default(options, local.onErrorThrow);","            options = [];","            local.buildApp(options, onError);","        };","","        local.testCase_buildCustomOrg_default = local.testCase_buildCustomOrg_default ||","            function (options, onError) {","            /*","             * this function will test buildCustomOrg's default handling-behavior","             */","                options = {};","                local.buildCustomOrg(options, onError);","            };","","        local.testCase_buildLib_default = local.testCase_buildLib_default || function (","            options,","            onError","        ) {","        /*","         * this function will test buildLib's default handling-behavior","         */","            options = {};","            local.buildLib(options, onError);","        };","","        local.testCase_buildReadme_default = local.testCase_buildReadme_default || function (","            options,","            onError","        ) {","        /*","         * this function will test buildReadme's default handling-behavior-behavior","         */","            options = {};","            local.buildReadme(options, onError);","        };","","        local.testCase_buildTest_default = local.testCase_buildTest_default || function (","            options,","            onError","        ) {","        /*","         * this function will test buildTest's default handling-behavior","         */","            options = {};","            local.buildTest(options, onError);","        };","","        local.testCase_webpage_default = local.testCase_webpage_default || function (","            options,","            onError","        ) {","        /*","         * this function will test webpage's default handling-behavior","         */","            options = { modeCoverageMerge: true, url: local.serverLocalHost + '?modeTest=1' };","            local.browserTest(options, onError);","        };","","        // run test-server","        local.testRunServer(local);","        break;","    }","}());",""],"l":{"12":2,"14":2,"19":2,"21":2,"23":2,"24":2,"25":2,"30":1,"37":2,"40":2,"43":1,"47":1,"50":1,"52":1,"55":2,"61":2,"62":2,"64":2,"70":1,"76":1,"82":2,"83":2,"85":2,"91":1,"98":1,"102":1,"105":1,"112":1,"119":1,"120":1,"123":1,"130":1,"131":1,"132":1,"133":1,"134":1,"135":1,"138":1,"143":2,"144":2,"147":1,"154":2,"155":2,"158":1,"165":2,"166":2,"169":1,"176":2,"177":2,"180":1,"187":1,"188":1,"192":1,"193":1}},"/home/travis/build/npmtest/node-npmtest-fancybox/lib.npmtest_fancybox.js":{"path":"/home/travis/build/npmtest/node-npmtest-fancybox/lib.npmtest_fancybox.js","s":{"1":2,"2":2,"3":2,"4":2,"5":2,"6":2,"7":2,"8":1,"9":2,"10":2,"11":2,"12":2,"13":1,"14":1,"15":1,"16":1},"b":{"1":[2,1,1,1],"2":[1,1,1,1],"3":[1,1],"4":[2,2],"5":[1,1]},"f":{"1":2,"2":2,"3":2},"fnMap":{"1":{"name":"(anonymous_1)","line":12,"loc":{"start":{"line":12,"column":1},"end":{"line":12,"column":13}}},"2":{"name":"(anonymous_2)","line":19,"loc":{"start":{"line":19,"column":5},"end":{"line":19,"column":17}}},"3":{"name":"(anonymous_3)","line":23,"loc":{"start":{"line":23,"column":24},"end":{"line":23,"column":36}}}},"statementMap":{"1":{"start":{"line":12,"column":0},"end":{"line":53,"column":5}},"2":{"start":{"line":14,"column":4},"end":{"line":14,"column":14}},"3":{"start":{"line":19,"column":4},"end":{"line":52,"column":9}},"4":{"start":{"line":21,"column":8},"end":{"line":21,"column":19}},"5":{"start":{"line":23,"column":8},"end":{"line":35,"column":13}},"6":{"start":{"line":24,"column":12},"end":{"line":34,"column":13}},"7":{"start":{"line":25,"column":16},"end":{"line":28,"column":30}},"8":{"start":{"line":30,"column":16},"end":{"line":33,"column":27}},"9":{"start":{"line":37,"column":8},"end":{"line":39,"column":21}},"10":{"start":{"line":41,"column":8},"end":{"line":41,"column":54}},"11":{"start":{"line":43,"column":8},"end":{"line":43,"column":53}},"12":{"start":{"line":45,"column":8},"end":{"line":51,"column":9}},"13":{"start":{"line":46,"column":12},"end":{"line":46,"column":59}},"14":{"start":{"line":48,"column":12},"end":{"line":48,"column":35}},"15":{"start":{"line":49,"column":12},"end":{"line":49,"column":49}},"16":{"start":{"line":50,"column":12},"end":{"line":50,"column":43}}},"branchMap":{"1":{"line":25,"type":"binary-expr","locations":[{"start":{"line":25,"column":23},"end":{"line":25,"column":62}},{"start":{"line":26,"column":20},"end":{"line":26,"column":70}},{"start":{"line":27,"column":20},"end":{"line":27,"column":71}},{"start":{"line":28,"column":20},"end":{"line":28,"column":29}}]},"2":{"line":30,"type":"binary-expr","locations":[{"start":{"line":30,"column":23},"end":{"line":30,"column":37}},{"start":{"line":31,"column":20},"end":{"line":31,"column":61}},{"start":{"line":32,"column":20},"end":{"line":32,"column":70}},{"start":{"line":33,"column":20},"end":{"line":33,"column":26}}]},"3":{"line":37,"type":"cond-expr","locations":[{"start":{"line":38,"column":14},"end":{"line":38,"column":20}},{"start":{"line":39,"column":14},"end":{"line":39,"column":20}}]},"4":{"line":41,"type":"binary-expr","locations":[{"start":{"line":41,"column":16},"end":{"line":41,"column":44}},{"start":{"line":41,"column":48},"end":{"line":41,"column":53}}]},"5":{"line":45,"type":"if","locations":[{"start":{"line":45,"column":8},"end":{"line":45,"column":8}},{"start":{"line":45,"column":8},"end":{"line":45,"column":8}}]}},"code":["/* istanbul instrument in package npmtest_fancybox */","/*jslint","    bitwise: true,","    browser: true,","    maxerr: 8,","    maxlen: 96,","    node: true,","    nomen: true,","    regexp: true,","    stupid: true","*/","(function () {","    'use strict';","    var local;","","","","    // run shared js-env code - init-before","    (function () {","        // init local","        local = {};","        // init modeJs","        local.modeJs = (function () {","            try {","                return typeof navigator.userAgent === 'string' &&","                    typeof document.querySelector('body') === 'object' &&","                    typeof XMLHttpRequest.prototype.open === 'function' &&","                    'browser';","            } catch (errorCaughtBrowser) {","                return module.exports &&","                    typeof process.versions.node === 'string' &&","                    typeof require('http').createServer === 'function' &&","                    'node';","            }","        }());","        // init global","        local.global = local.modeJs === 'browser'","            ? window","            : global;","        // init utility2_rollup","        local = local.global.utility2_rollup || local;","        // init lib","        local.local = local.npmtest_fancybox = local;","        // init exports","        if (local.modeJs === 'browser') {","            local.global.utility2_npmtest_fancybox = local;","        } else {","            module.exports = local;","            module.exports.__dirname = __dirname;","            module.exports.module = module;","        }","    }());","}());",""],"l":{"12":2,"14":2,"19":2,"21":2,"23":2,"24":2,"25":2,"30":1,"37":2,"41":2,"43":2,"45":2,"46":1,"48":1,"49":1,"50":1}},"/home/travis/build/npmtest/node-npmtest-fancybox/example.js":{"path":"/home/travis/build/npmtest/node-npmtest-fancybox/example.js","s":{"1":2,"2":2,"3":2,"4":2,"5":2,"6":2,"7":2,"8":1,"9":2,"10":2,"11":2,"12":2,"13":1,"14":2,"15":2,"16":2,"17":2,"18":2,"19":0,"20":2,"21":1,"22":1,"23":1,"24":1,"25":1,"26":0,"27":0,"28":1,"29":1,"30":2,"31":0,"32":0,"33":0,"34":1,"35":2,"36":2,"37":3,"38":3,"39":3,"40":3,"41":0,"42":3,"43":3,"44":3,"45":1,"46":3,"47":1,"48":1,"49":1,"50":1,"51":1,"52":1,"53":1,"54":1,"55":1,"56":1,"57":0,"58":1,"59":6,"60":6,"61":1,"62":2,"63":0,"64":2,"65":1,"66":1,"67":0,"68":0,"69":0,"70":0,"71":0,"72":0,"73":0,"74":0,"75":0,"76":0,"77":0,"78":0,"79":0,"80":0,"81":0,"82":0,"83":0},"b":{"1":[2,1,1,1],"2":[1,1,1,1],"3":[1,1],"4":[2,2],"5":[1,1],"6":[1,1],"7":[2,0],"8":[2,1,1,1,1,1],"9":[0,2,0],"10":[1,1],"11":[2,1,1],"12":[1,0],"13":[0,2],"14":[2,0,0,0,0,0,0],"15":[0,3],"16":[3,0],"17":[1,1],"18":[0,1],"19":[1,2,0,2],"20":[1,0],"21":[1,1],"22":[0,0],"23":[0,0],"24":[0,0],"25":[0,0],"26":[0,0],"27":[0,0],"28":[0,0]},"f":{"1":2,"2":2,"3":2,"4":2,"5":2,"6":2,"7":3,"8":3,"9":3,"10":1,"11":6,"12":0},"fnMap":{"1":{"name":"(anonymous_1)","line":26,"loc":{"start":{"line":26,"column":1},"end":{"line":26,"column":13}}},"2":{"name":"(anonymous_2)","line":33,"loc":{"start":{"line":33,"column":5},"end":{"line":33,"column":17}}},"3":{"name":"(anonymous_3)","line":37,"loc":{"start":{"line":37,"column":24},"end":{"line":37,"column":36}}},"4":{"name":"(anonymous_4)","line":69,"loc":{"start":{"line":69,"column":31},"end":{"line":69,"column":48}},"skip":true},"5":{"name":"(anonymous_5)","line":78,"loc":{"start":{"line":78,"column":26},"end":{"line":78,"column":45}},"skip":true},"6":{"name":"(anonymous_6)","line":123,"loc":{"start":{"line":123,"column":33},"end":{"line":123,"column":48}},"skip":true},"7":{"name":"(anonymous_7)","line":125,"loc":{"start":{"line":125,"column":27},"end":{"line":125,"column":39}},"skip":true},"8":{"name":"(anonymous_8)","line":133,"loc":{"start":{"line":133,"column":59},"end":{"line":133,"column":74}},"skip":true},"9":{"name":"(anonymous_9)","line":143,"loc":{"start":{"line":143,"column":45},"end":{"line":143,"column":62}},"skip":true},"10":{"name":"(anonymous_10)","line":144,"loc":{"start":{"line":144,"column":73},"end":{"line":144,"column":92}},"skip":true},"11":{"name":"(anonymous_11)","line":272,"loc":{"start":{"line":272,"column":51},"end":{"line":272,"column":77}},"skip":true},"12":{"name":"(anonymous_12)","line":315,"loc":{"start":{"line":315,"column":32},"end":{"line":315,"column":61}},"skip":true}},"statementMap":{"1":{"start":{"line":26,"column":0},"end":{"line":326,"column":5}},"2":{"start":{"line":28,"column":4},"end":{"line":28,"column":14}},"3":{"start":{"line":33,"column":4},"end":{"line":60,"column":9}},"4":{"start":{"line":35,"column":8},"end":{"line":35,"column":19}},"5":{"start":{"line":37,"column":8},"end":{"line":49,"column":13}},"6":{"start":{"line":38,"column":12},"end":{"line":48,"column":13}},"7":{"start":{"line":39,"column":16},"end":{"line":42,"column":30}},"8":{"start":{"line":44,"column":16},"end":{"line":47,"column":27}},"9":{"start":{"line":51,"column":8},"end":{"line":53,"column":21}},"10":{"start":{"line":55,"column":8},"end":{"line":57,"column":45}},"11":{"start":{"line":59,"column":8},"end":{"line":59,"column":35}},"12":{"start":{"line":61,"column":4},"end":{"line":325,"column":5}},"13":{"start":{"line":69,"column":8},"end":{"line":121,"column":10},"skip":true},"14":{"start":{"line":70,"column":12},"end":{"line":88,"column":13},"skip":true},"15":{"start":{"line":76,"column":16},"end":{"line":87,"column":19},"skip":true},"16":{"start":{"line":79,"column":20},"end":{"line":86,"column":21},"skip":true},"17":{"start":{"line":82,"column":24},"end":{"line":82,"column":43},"skip":true},"18":{"start":{"line":83,"column":24},"end":{"line":83,"column":30},"skip":true},"19":{"start":{"line":85,"column":24},"end":{"line":85,"column":49},"skip":true},"20":{"start":{"line":89,"column":12},"end":{"line":107,"column":13},"skip":true},"21":{"start":{"line":92,"column":16},"end":{"line":102,"column":17},"skip":true},"22":{"start":{"line":93,"column":20},"end":{"line":93,"column":86},"skip":true},"23":{"start":{"line":94,"column":20},"end":{"line":95,"column":45},"skip":true},"24":{"start":{"line":96,"column":20},"end":{"line":96,"column":42},"skip":true},"25":{"start":{"line":97,"column":20},"end":{"line":97,"column":48},"skip":true},"26":{"start":{"line":100,"column":20},"end":{"line":100,"column":85},"skip":true},"27":{"start":{"line":101,"column":20},"end":{"line":101,"column":96},"skip":true},"28":{"start":{"line":103,"column":16},"end":{"line":103,"column":22},"skip":true},"29":{"start":{"line":106,"column":16},"end":{"line":106,"column":22},"skip":true},"30":{"start":{"line":108,"column":12},"end":{"line":120,"column":13},"skip":true},"31":{"start":{"line":114,"column":16},"end":{"line":119,"column":17},"skip":true},"32":{"start":{"line":116,"column":20},"end":{"line":116,"column":78},"skip":true},"33":{"start":{"line":118,"column":20},"end":{"line":118,"column":47},"skip":true},"34":{"start":{"line":123,"column":8},"end":{"line":141,"column":11},"skip":true},"35":{"start":{"line":124,"column":12},"end":{"line":124,"column":54},"skip":true},"36":{"start":{"line":125,"column":12},"end":{"line":140,"column":14},"skip":true},"37":{"start":{"line":126,"column":16},"end":{"line":126,"column":28},"skip":true},"38":{"start":{"line":127,"column":16},"end":{"line":127,"column":69},"skip":true},"39":{"start":{"line":128,"column":16},"end":{"line":128,"column":75},"skip":true},"40":{"start":{"line":129,"column":16},"end":{"line":131,"column":17},"skip":true},"41":{"start":{"line":130,"column":20},"end":{"line":130,"column":27},"skip":true},"42":{"start":{"line":133,"column":16},"end":{"line":137,"column":36},"skip":true},"43":{"start":{"line":134,"column":20},"end":{"line":136,"column":55},"skip":true},"44":{"start":{"line":139,"column":16},"end":{"line":139,"column":57},"skip":true},"45":{"start":{"line":143,"column":8},"end":{"line":147,"column":11},"skip":true},"46":{"start":{"line":144,"column":12},"end":{"line":146,"column":15},"skip":true},"47":{"start":{"line":145,"column":16},"end":{"line":145,"column":70},"skip":true},"48":{"start":{"line":149,"column":8},"end":{"line":149,"column":31},"skip":true},"49":{"start":{"line":150,"column":8},"end":{"line":150,"column":14},"skip":true},"50":{"start":{"line":158,"column":8},"end":{"line":158,"column":31},"skip":true},"51":{"start":{"line":160,"column":8},"end":{"line":160,"column":33},"skip":true},"52":{"start":{"line":161,"column":8},"end":{"line":161,"column":37},"skip":true},"53":{"start":{"line":162,"column":8},"end":{"line":162,"column":35},"skip":true},"54":{"start":{"line":164,"column":8},"end":{"line":164,"column":50},"skip":true},"55":{"start":{"line":166,"column":8},"end":{"line":256,"column":2},"skip":true},"56":{"start":{"line":258,"column":8},"end":{"line":286,"column":9},"skip":true},"57":{"start":{"line":259,"column":12},"end":{"line":269,"column":14},"skip":true},"58":{"start":{"line":271,"column":12},"end":{"line":285,"column":19},"skip":true},"59":{"start":{"line":274,"column":20},"end":{"line":274,"column":35},"skip":true},"60":{"start":{"line":275,"column":20},"end":{"line":284,"column":21},"skip":true},"61":{"start":{"line":277,"column":24},"end":{"line":277,"column":64},"skip":true},"62":{"start":{"line":279,"column":24},"end":{"line":279,"column":40},"skip":true},"63":{"start":{"line":281,"column":24},"end":{"line":281,"column":40},"skip":true},"64":{"start":{"line":283,"column":24},"end":{"line":283,"column":39},"skip":true},"65":{"start":{"line":288,"column":8},"end":{"line":290,"column":9},"skip":true},"66":{"start":{"line":289,"column":12},"end":{"line":289,"column":18},"skip":true},"67":{"start":{"line":291,"column":8},"end":{"line":293,"column":54},"skip":true},"68":{"start":{"line":296,"column":8},"end":{"line":301,"column":37},"skip":true},"69":{"start":{"line":303,"column":8},"end":{"line":303,"column":82},"skip":true},"70":{"start":{"line":306,"column":8},"end":{"line":308,"column":9},"skip":true},"71":{"start":{"line":307,"column":12},"end":{"line":307,"column":82},"skip":true},"72":{"start":{"line":310,"column":8},"end":{"line":312,"column":9},"skip":true},"73":{"start":{"line":311,"column":12},"end":{"line":311,"column":18},"skip":true},"74":{"start":{"line":313,"column":8},"end":{"line":313,"column":54},"skip":true},"75":{"start":{"line":314,"column":8},"end":{"line":314,"column":69},"skip":true},"76":{"start":{"line":315,"column":8},"end":{"line":323,"column":36},"skip":true},"77":{"start":{"line":316,"column":12},"end":{"line":316,"column":61},"skip":true},"78":{"start":{"line":317,"column":12},"end":{"line":320,"column":13},"skip":true},"79":{"start":{"line":318,"column":16},"end":{"line":318,"column":75},"skip":true},"80":{"start":{"line":319,"column":16},"end":{"line":319,"column":23},"skip":true},"81":{"start":{"line":321,"column":12},"end":{"line":321,"column":38},"skip":true},"82":{"start":{"line":322,"column":12},"end":{"line":322,"column":27},"skip":true},"83":{"start":{"line":324,"column":8},"end":{"line":324,"column":14},"skip":true}},"branchMap":{"1":{"line":39,"type":"binary-expr","locations":[{"start":{"line":39,"column":23},"end":{"line":39,"column":62}},{"start":{"line":40,"column":20},"end":{"line":40,"column":70}},{"start":{"line":41,"column":20},"end":{"line":41,"column":71}},{"start":{"line":42,"column":20},"end":{"line":42,"column":29}}]},"2":{"line":44,"type":"binary-expr","locations":[{"start":{"line":44,"column":23},"end":{"line":44,"column":37}},{"start":{"line":45,"column":20},"end":{"line":45,"column":61}},{"start":{"line":46,"column":20},"end":{"line":46,"column":70}},{"start":{"line":47,"column":20},"end":{"line":47,"column":26}}]},"3":{"line":51,"type":"cond-expr","locations":[{"start":{"line":52,"column":14},"end":{"line":52,"column":20}},{"start":{"line":53,"column":14},"end":{"line":53,"column":20}}]},"4":{"line":55,"type":"binary-expr","locations":[{"start":{"line":55,"column":16},"end":{"line":55,"column":44}},{"start":{"line":55,"column":49},"end":{"line":57,"column":43}}]},"5":{"line":55,"type":"cond-expr","locations":[{"start":{"line":56,"column":14},"end":{"line":56,"column":52}},{"start":{"line":57,"column":14},"end":{"line":57,"column":43}}]},"6":{"line":61,"type":"switch","locations":[{"start":{"line":68,"column":4},"end":{"line":150,"column":14},"skip":true},{"start":{"line":156,"column":4},"end":{"line":324,"column":14},"skip":true}]},"7":{"line":70,"type":"if","locations":[{"start":{"line":70,"column":12},"end":{"line":70,"column":12},"skip":true},{"start":{"line":70,"column":12},"end":{"line":70,"column":12},"skip":true}]},"8":{"line":70,"type":"binary-expr","locations":[{"start":{"line":70,"column":16},"end":{"line":70,"column":22},"skip":true},{"start":{"line":70,"column":27},"end":{"line":70,"column":32},"skip":true},{"start":{"line":71,"column":20},"end":{"line":71,"column":39},"skip":true},{"start":{"line":72,"column":20},"end":{"line":72,"column":49},"skip":true},{"start":{"line":73,"column":20},"end":{"line":73,"column":58},"skip":true},{"start":{"line":74,"column":20},"end":{"line":74,"column":69},"skip":true}]},"9":{"line":79,"type":"switch","locations":[{"start":{"line":80,"column":20},"end":{"line":80,"column":33},"skip":true},{"start":{"line":81,"column":20},"end":{"line":83,"column":30},"skip":true},{"start":{"line":84,"column":20},"end":{"line":85,"column":49},"skip":true}]},"10":{"line":89,"type":"switch","locations":[{"start":{"line":90,"column":12},"end":{"line":103,"column":22},"skip":true},{"start":{"line":105,"column":12},"end":{"line":106,"column":22},"skip":true}]},"11":{"line":89,"type":"binary-expr","locations":[{"start":{"line":89,"column":20},"end":{"line":89,"column":25},"skip":true},{"start":{"line":89,"column":29},"end":{"line":89,"column":48},"skip":true},{"start":{"line":89,"column":52},"end":{"line":89,"column":74},"skip":true}]},"12":{"line":92,"type":"if","locations":[{"start":{"line":92,"column":16},"end":{"line":92,"column":16},"skip":true},{"start":{"line":92,"column":16},"end":{"line":92,"column":16},"skip":true}]},"13":{"line":108,"type":"if","locations":[{"start":{"line":108,"column":12},"end":{"line":108,"column":12},"skip":true},{"start":{"line":108,"column":12},"end":{"line":108,"column":12},"skip":true}]},"14":{"line":108,"type":"binary-expr","locations":[{"start":{"line":108,"column":16},"end":{"line":108,"column":61},"skip":true},{"start":{"line":108,"column":66},"end":{"line":108,"column":72},"skip":true},{"start":{"line":108,"column":77},"end":{"line":108,"column":82},"skip":true},{"start":{"line":109,"column":20},"end":{"line":109,"column":39},"skip":true},{"start":{"line":110,"column":20},"end":{"line":110,"column":49},"skip":true},{"start":{"line":111,"column":20},"end":{"line":111,"column":58},"skip":true},{"start":{"line":112,"column":20},"end":{"line":112,"column":68},"skip":true}]},"15":{"line":129,"type":"if","locations":[{"start":{"line":129,"column":16},"end":{"line":129,"column":16},"skip":true},{"start":{"line":129,"column":16},"end":{"line":129,"column":16},"skip":true}]},"16":{"line":134,"type":"cond-expr","locations":[{"start":{"line":135,"column":26},"end":{"line":135,"column":29},"skip":true},{"start":{"line":136,"column":26},"end":{"line":136,"column":54},"skip":true}]},"17":{"line":164,"type":"binary-expr","locations":[{"start":{"line":164,"column":27},"end":{"line":164,"column":43},"skip":true},{"start":{"line":164,"column":47},"end":{"line":164,"column":49},"skip":true}]},"18":{"line":258,"type":"if","locations":[{"start":{"line":258,"column":8},"end":{"line":258,"column":8},"skip":true},{"start":{"line":258,"column":8},"end":{"line":258,"column":8},"skip":true}]},"19":{"line":275,"type":"switch","locations":[{"start":{"line":276,"column":20},"end":{"line":277,"column":64},"skip":true},{"start":{"line":278,"column":20},"end":{"line":279,"column":40},"skip":true},{"start":{"line":280,"column":20},"end":{"line":281,"column":40},"skip":true},{"start":{"line":282,"column":20},"end":{"line":283,"column":39},"skip":true}]},"20":{"line":288,"type":"if","locations":[{"start":{"line":288,"column":8},"end":{"line":288,"column":8},"skip":true},{"start":{"line":288,"column":8},"end":{"line":288,"column":8},"skip":true}]},"21":{"line":288,"type":"binary-expr","locations":[{"start":{"line":288,"column":12},"end":{"line":288,"column":40},"skip":true},{"start":{"line":288,"column":44},"end":{"line":288,"column":67},"skip":true}]},"22":{"line":292,"type":"binary-expr","locations":[{"start":{"line":292,"column":12},"end":{"line":292,"column":50},"skip":true},{"start":{"line":293,"column":12},"end":{"line":293,"column":53},"skip":true}]},"23":{"line":297,"type":"binary-expr","locations":[{"start":{"line":297,"column":12},"end":{"line":297,"column":66},"skip":true},{"start":{"line":298,"column":12},"end":{"line":301,"column":36},"skip":true}]},"24":{"line":303,"type":"binary-expr","locations":[{"start":{"line":303,"column":43},"end":{"line":303,"column":75},"skip":true},{"start":{"line":303,"column":79},"end":{"line":303,"column":81},"skip":true}]},"25":{"line":306,"type":"if","locations":[{"start":{"line":306,"column":8},"end":{"line":306,"column":8},"skip":true},{"start":{"line":306,"column":8},"end":{"line":306,"column":8},"skip":true}]},"26":{"line":310,"type":"if","locations":[{"start":{"line":310,"column":8},"end":{"line":310,"column":8},"skip":true},{"start":{"line":310,"column":8},"end":{"line":310,"column":8},"skip":true}]},"27":{"line":313,"type":"binary-expr","locations":[{"start":{"line":313,"column":27},"end":{"line":313,"column":43},"skip":true},{"start":{"line":313,"column":47},"end":{"line":313,"column":53},"skip":true}]},"28":{"line":317,"type":"if","locations":[{"start":{"line":317,"column":12},"end":{"line":317,"column":12},"skip":true},{"start":{"line":317,"column":12},"end":{"line":317,"column":12},"skip":true}]}},"code":["/*","example.js","","quickstart example","","instruction","    1. save this script as example.js","    2. run the shell command:","        $ npm install npmtest-fancybox && PORT=8081 node example.js","    3. play with the browser-demo on http://127.0.0.1:8081","*/","","","","/* istanbul instrument in package npmtest_fancybox */","/*jslint","    bitwise: true,","    browser: true,","    maxerr: 8,","    maxlen: 96,","    node: true,","    nomen: true,","    regexp: true,","    stupid: true","*/","(function () {","    'use strict';","    var local;","","","","    // run shared js-env code - init-before","    (function () {","        // init local","        local = {};","        // init modeJs","        local.modeJs = (function () {","            try {","                return typeof navigator.userAgent === 'string' &&","                    typeof document.querySelector('body') === 'object' &&","                    typeof XMLHttpRequest.prototype.open === 'function' &&","                    'browser';","            } catch (errorCaughtBrowser) {","                return module.exports &&","                    typeof process.versions.node === 'string' &&","                    typeof require('http').createServer === 'function' &&","                    'node';","            }","        }());","        // init global","        local.global = local.modeJs === 'browser'","            ? window","            : global;","        // init utility2_rollup","        local = local.global.utility2_rollup || (local.modeJs === 'browser'","            ? local.global.utility2_npmtest_fancybox","            : global.utility2_moduleExports);","        // export local","        local.global.local = local;","    }());","    switch (local.modeJs) {","","","","    // init-after","    // run browser js-env code - init-after","    /* istanbul ignore next */","    case 'browser':","        local.testRunBrowser = function (event) {","            if (!event || (event &&","                    event.currentTarget &&","                    event.currentTarget.className &&","                    event.currentTarget.className.includes &&","                    event.currentTarget.className.includes('onreset'))) {","                // reset output","                Array.from(","                    document.querySelectorAll('body > .resettable')","                ).forEach(function (element) {","                    switch (element.tagName) {","                    case 'INPUT':","                    case 'TEXTAREA':","                        element.value = '';","                        break;","                    default:","                        element.textContent = '';","                    }","                });","            }","            switch (event && event.currentTarget && event.currentTarget.id) {","            case 'testRunButton1':","                // show tests","                if (document.querySelector('#testReportDiv1').style.display === 'none') {","                    document.querySelector('#testReportDiv1').style.display = 'block';","                    document.querySelector('#testRunButton1').textContent =","                        'hide internal test';","                    local.modeTest = true;","                    local.testRunDefault(local);","                // hide tests","                } else {","                    document.querySelector('#testReportDiv1').style.display = 'none';","                    document.querySelector('#testRunButton1').textContent = 'run internal test';","                }","                break;","            // custom-case","            default:","                break;","            }","            if (document.querySelector('#inputTextareaEval1') && (!event || (event &&","                    event.currentTarget &&","                    event.currentTarget.className &&","                    event.currentTarget.className.includes &&","                    event.currentTarget.className.includes('oneval')))) {","                // try to eval input-code","                try {","                    /*jslint evil: true*/","                    eval(document.querySelector('#inputTextareaEval1').value);","                } catch (errorCaught) {","                    console.error(errorCaught);","                }","            }","        };","        // log stderr and stdout to #outputTextareaStdout1","        ['error', 'log'].forEach(function (key) {","            console[key + '_original'] = console[key];","            console[key] = function () {","                var element;","                console[key + '_original'].apply(console, arguments);","                element = document.querySelector('#outputTextareaStdout1');","                if (!element) {","                    return;","                }","                // append text to #outputTextareaStdout1","                element.value += Array.from(arguments).map(function (arg) {","                    return typeof arg === 'string'","                        ? arg","                        : JSON.stringify(arg, null, 4);","                }).join(' ') + '\\n';","                // scroll textarea to bottom","                element.scrollTop = element.scrollHeight;","            };","        });","        // init event-handling","        ['change', 'click', 'keyup'].forEach(function (event) {","            Array.from(document.querySelectorAll('.on' + event)).forEach(function (element) {","                element.addEventListener(event, local.testRunBrowser);","            });","        });","        // run tests","        local.testRunBrowser();","        break;","","","","    // run node js-env code - init-after","    /* istanbul ignore next */","    case 'node':","        // export local","        module.exports = local;","        // require modules","        local.fs = require('fs');","        local.http = require('http');","        local.url = require('url');","        // init assets","        local.assetsDict = local.assetsDict || {};","        /* jslint-ignore-begin */","        local.assetsDict['/assets.index.template.html'] = '\\","<!doctype html>\\n\\","<html lang=\"en\">\\n\\","<head>\\n\\","<meta charset=\"UTF-8\">\\n\\","<meta name=\"viewport\" content=\"width=device-width, initial-scale=1\">\\n\\","<title>{{env.npm_package_name}} (v{{env.npm_package_version}})</title>\\n\\","<style>\\n\\","/*csslint\\n\\","    box-sizing: false,\\n\\","    universal-selector: false\\n\\","*/\\n\\","* {\\n\\","    box-sizing: border-box;\\n\\","}\\n\\","body {\\n\\","    background: #dde;\\n\\","    font-family: Arial, Helvetica, sans-serif;\\n\\","    margin: 2rem;\\n\\","}\\n\\","body > * {\\n\\","    margin-bottom: 1rem;\\n\\","}\\n\\",".utility2FooterDiv {\\n\\","    margin-top: 20px;\\n\\","    text-align: center;\\n\\","}\\n\\","</style>\\n\\","<style>\\n\\","/*csslint\\n\\","*/\\n\\","textarea {\\n\\","    font-family: monospace;\\n\\","    height: 10rem;\\n\\","    width: 100%;\\n\\","}\\n\\","textarea[readonly] {\\n\\","    background: #ddd;\\n\\","}\\n\\","</style>\\n\\","</head>\\n\\","<body>\\n\\","<!-- utility2-comment\\n\\","<div id=\"ajaxProgressDiv1\" style=\"background: #d00; height: 2px; left: 0; margin: 0; padding: 0; position: fixed; top: 0; transition: background 0.5s, width 1.5s; width: 25%;\"></div>\\n\\","utility2-comment -->\\n\\","<h1>\\n\\","<!-- utility2-comment\\n\\","    <a\\n\\","        {{#if env.npm_package_homepage}}\\n\\","        href=\"{{env.npm_package_homepage}}\"\\n\\","        {{/if env.npm_package_homepage}}\\n\\","        target=\"_blank\"\\n\\","    >\\n\\","utility2-comment -->\\n\\","        {{env.npm_package_name}} (v{{env.npm_package_version}})\\n\\","<!-- utility2-comment\\n\\","    </a>\\n\\","utility2-comment -->\\n\\","</h1>\\n\\","<h3>{{env.npm_package_description}}</h3>\\n\\","<!-- utility2-comment\\n\\","<h4><a download href=\"assets.app.js\">download standalone app</a></h4>\\n\\","<button class=\"onclick onreset\" id=\"testRunButton1\">run internal test</button><br>\\n\\","<div id=\"testReportDiv1\" style=\"display: none;\"></div>\\n\\","utility2-comment -->\\n\\","\\n\\","\\n\\","\\n\\","<label>stderr and stdout</label>\\n\\","<textarea class=\"resettable\" id=\"outputTextareaStdout1\" readonly></textarea>\\n\\","<!-- utility2-comment\\n\\","{{#if isRollup}}\\n\\","<script src=\"assets.app.js\"></script>\\n\\","{{#unless isRollup}}\\n\\","utility2-comment -->\\n\\","<script src=\"assets.utility2.rollup.js\"></script>\\n\\","<script src=\"jsonp.utility2._stateInit?callback=window.utility2._stateInit\"></script>\\n\\","<script src=\"assets.npmtest_fancybox.rollup.js\"></script>\\n\\","<script src=\"assets.example.js\"></script>\\n\\","<script src=\"assets.test.js\"></script>\\n\\","<!-- utility2-comment\\n\\","{{/if isRollup}}\\n\\","utility2-comment -->\\n\\","<div class=\"utility2FooterDiv\">\\n\\","    [ this app was created with\\n\\","    <a href=\"https://github.com/kaizhu256/node-utility2\" target=\"_blank\">utility2</a>\\n\\","    ]\\n\\","</div>\\n\\","</body>\\n\\","</html>\\n\\","';","        /* jslint-ignore-end */","        if (local.templateRender) {","            local.assetsDict['/'] = local.templateRender(","                local.assetsDict['/assets.index.template.html'],","                {","                    env: local.objectSetDefault(local.env, {","                        npm_package_description: 'the greatest app in the world!',","                        npm_package_name: 'my-app',","                        npm_package_nameAlias: 'my_app',","                        npm_package_version: '0.0.1'","                    })","                }","            );","        } else {","            local.assetsDict['/'] = local.assetsDict['/assets.index.template.html']","                .replace((/\\{\\{env\\.(\\w+?)\\}\\}/g), function (match0, match1) {","                    // jslint-hack","                    String(match0);","                    switch (match1) {","                    case 'npm_package_description':","                        return 'the greatest app in the world!';","                    case 'npm_package_name':","                        return 'my-app';","                    case 'npm_package_nameAlias':","                        return 'my_app';","                    case 'npm_package_version':","                        return '0.0.1';","                    }","                });","        }","        // run the cli","        if (local.global.utility2_rollup || module !== require.main) {","            break;","        }","        local.assetsDict['/assets.example.js'] =","            local.assetsDict['/assets.example.js'] ||","            local.fs.readFileSync(__filename, 'utf8');","        // bug-workaround - long $npm_package_buildCustomOrg","        /* jslint-ignore-begin */","        local.assetsDict['/assets.npmtest_fancybox.rollup.js'] =","            local.assetsDict['/assets.npmtest_fancybox.rollup.js'] ||","            local.fs.readFileSync(","                local.npmtest_fancybox.__dirname + '/lib.npmtest_fancybox.js',","                'utf8'","            ).replace((/^#!/), '//');","        /* jslint-ignore-end */","        local.assetsDict['/favicon.ico'] = local.assetsDict['/favicon.ico'] || '';","        // if $npm_config_timeout_exit exists,","        // then exit this process after $npm_config_timeout_exit ms","        if (Number(process.env.npm_config_timeout_exit)) {","            setTimeout(process.exit, Number(process.env.npm_config_timeout_exit));","        }","        // start server","        if (local.global.utility2_serverHttp1) {","            break;","        }","        process.env.PORT = process.env.PORT || '8081';","        console.error('server starting on port ' + process.env.PORT);","        local.http.createServer(function (request, response) {","            request.urlParsed = local.url.parse(request.url);","            if (local.assetsDict[request.urlParsed.pathname] !== undefined) {","                response.end(local.assetsDict[request.urlParsed.pathname]);","                return;","            }","            response.statusCode = 404;","            response.end();","        }).listen(process.env.PORT);","        break;","    }","}());",""],"l":{"26":2,"28":2,"33":2,"35":2,"37":2,"38":2,"39":2,"44":1,"51":2,"55":2,"59":2,"61":2,"69":1,"70":2,"76":2,"79":2,"82":2,"83":2,"85":1,"89":2,"92":1,"93":1,"94":1,"96":1,"97":1,"100":1,"101":1,"103":1,"106":1,"108":2,"114":1,"116":1,"118":1,"123":1,"124":2,"125":2,"126":3,"127":3,"128":3,"129":3,"130":1,"133":3,"134":3,"139":3,"143":1,"144":3,"145":1,"149":1,"150":1,"158":1,"160":1,"161":1,"162":1,"164":1,"166":1,"258":1,"259":1,"271":1,"274":6,"275":6,"277":1,"279":2,"281":1,"283":2,"288":1,"289":1,"291":1,"296":1,"303":1,"306":1,"307":1,"310":1,"311":1,"313":1,"314":1,"315":1,"316":1,"317":1,"318":1,"319":1,"321":1,"322":1,"324":1}},"/home/travis/build/npmtest/node-npmtest-fancybox/node_modules/fancybox/dist/js/jquery.fancybox.cjs.js":{"path":"/home/travis/build/npmtest/node-npmtest-fancybox/node_modules/fancybox/dist/js/jquery.fancybox.cjs.js","s":{"1":1,"2":0,"3":0,"4":0,"5":0,"6":0,"7":0,"8":0,"9":0,"10":0,"11":0,"12":0,"13":0,"14":0,"15":0,"16":0,"17":0,"18":0,"19":0,"20":0,"21":0,"22":0,"23":0,"24":0,"25":0,"26":0,"27":0,"28":0,"29":0,"30":0,"31":0,"32":0,"33":0,"34":0,"35":0,"36":0,"37":0,"38":0,"39":0,"40":0,"41":0,"42":0,"43":0,"44":0,"45":0,"46":0,"47":0,"48":0,"49":0,"50":0,"51":0,"52":0,"53":0,"54":0,"55":0,"56":0,"57":0,"58":0,"59":0,"60":0,"61":0,"62":0,"63":0,"64":0,"65":0,"66":0,"67":0,"68":0,"69":0,"70":0,"71":0,"72":0,"73":0,"74":0,"75":0,"76":0,"77":0,"78":0,"79":0,"80":0,"81":0,"82":0,"83":0,"84":0,"85":0,"86":0,"87":0,"88":0,"89":0,"90":0,"91":0,"92":0,"93":0,"94":0,"95":0,"96":0,"97":0,"98":0,"99":0,"100":0,"101":0,"102":0,"103":0,"104":0,"105":0,"106":0,"107":0,"108":0,"109":0,"110":0,"111":0,"112":0,"113":0,"114":0,"115":0,"116":0,"117":0,"118":0,"119":0,"120":0,"121":0,"122":0,"123":0,"124":0,"125":0,"126":0,"127":0,"128":0,"129":0,"130":0,"131":0,"132":0,"133":0,"134":0,"135":0,"136":0,"137":0,"138":0,"139":0,"140":0,"141":0,"142":0,"143":0,"144":0,"145":0,"146":0,"147":0,"148":0,"149":0,"150":0,"151":0,"152":0,"153":0,"154":0,"155":0,"156":0,"157":0,"158":0,"159":0,"160":0,"161":0,"162":0,"163":0,"164":0,"165":0,"166":0,"167":0,"168":0,"169":0,"170":0,"171":0,"172":0,"173":0,"174":0,"175":0,"176":0,"177":0,"178":0,"179":0,"180":0,"181":0,"182":0,"183":0,"184":0,"185":0,"186":0,"187":0,"188":0,"189":0,"190":0,"191":0,"192":0,"193":0,"194":0,"195":0,"196":0,"197":0,"198":0,"199":0,"200":0,"201":0,"202":0,"203":0,"204":0,"205":0,"206":0,"207":0,"208":0,"209":0,"210":0,"211":0,"212":0,"213":0,"214":0,"215":0,"216":0,"217":0,"218":0,"219":0,"220":0,"221":0,"222":0,"223":0,"224":0,"225":0,"226":0,"227":0,"228":0,"229":0,"230":0,"231":0,"232":0,"233":0,"234":0,"235":0,"236":0,"237":0,"238":0,"239":0,"240":0,"241":0,"242":0,"243":0,"244":0,"245":0,"246":0,"247":0,"248":0,"249":0,"250":0,"251":0,"252":0,"253":0,"254":0,"255":0,"256":0,"257":0,"258":0,"259":0,"260":0,"261":0,"262":0,"263":0,"264":0,"265":0,"266":0,"267":0,"268":0,"269":0,"270":0,"271":0,"272":0,"273":0,"274":0,"275":0,"276":0,"277":0,"278":0,"279":0,"280":0,"281":0,"282":0,"283":0,"284":0,"285":0,"286":0,"287":0,"288":0,"289":0,"290":0,"291":0,"292":0,"293":0,"294":0,"295":0,"296":0,"297":0,"298":0,"299":0,"300":0,"301":0,"302":0,"303":0,"304":0,"305":0,"306":0,"307":0,"308":0,"309":0,"310":0,"311":0,"312":0,"313":0,"314":0,"315":0,"316":0,"317":0,"318":0,"319":0,"320":0,"321":0,"322":0,"323":0,"324":0,"325":0,"326":0,"327":0,"328":0,"329":0,"330":0,"331":0,"332":0,"333":0,"334":0,"335":0,"336":0,"337":0,"338":0,"339":0,"340":0,"341":0,"342":0,"343":0,"344":0,"345":0,"346":0,"347":0,"348":0,"349":0,"350":0,"351":0,"352":0,"353":0,"354":0,"355":0,"356":0,"357":0,"358":0,"359":0,"360":0,"361":0,"362":0,"363":0,"364":0,"365":0,"366":0,"367":0,"368":0,"369":0,"370":0,"371":0,"372":0,"373":0,"374":0,"375":0,"376":0,"377":0,"378":0,"379":0,"380":0,"381":0,"382":0,"383":0,"384":0,"385":0,"386":0,"387":0,"388":0,"389":0,"390":0,"391":0,"392":0,"393":0,"394":0,"395":0,"396":0,"397":0,"398":0,"399":0,"400":0,"401":0,"402":0,"403":0,"404":0,"405":0,"406":0,"407":0,"408":0,"409":0,"410":0,"411":0,"412":0,"413":0,"414":0,"415":0,"416":0,"417":0,"418":0,"419":0,"420":0,"421":0,"422":0,"423":0,"424":0,"425":0,"426":0,"427":0,"428":0,"429":0,"430":0,"431":0,"432":0,"433":0,"434":0,"435":0,"436":0,"437":0,"438":0,"439":0,"440":0,"441":0,"442":0,"443":0,"444":0,"445":0,"446":0,"447":0,"448":0,"449":0,"450":0,"451":0,"452":0,"453":0,"454":0,"455":0,"456":0,"457":0,"458":0,"459":0,"460":0,"461":0,"462":0,"463":0,"464":0,"465":0,"466":0,"467":0,"468":0,"469":0,"470":0,"471":0,"472":0,"473":0,"474":0,"475":0,"476":0,"477":0,"478":0,"479":0,"480":0,"481":0,"482":0,"483":0,"484":0,"485":0,"486":0,"487":0,"488":0,"489":0,"490":0,"491":0,"492":0,"493":0,"494":0,"495":0,"496":0,"497":0,"498":0,"499":0,"500":0,"501":0,"502":0,"503":0,"504":0,"505":0,"506":0,"507":0,"508":0,"509":0,"510":0,"511":0,"512":0,"513":0,"514":0,"515":0,"516":0,"517":0,"518":0,"519":0,"520":0,"521":0,"522":0,"523":0,"524":0,"525":0,"526":0,"527":0,"528":0,"529":0,"530":0,"531":0,"532":0,"533":0,"534":0,"535":0,"536":0,"537":0,"538":0,"539":0,"540":0,"541":0,"542":0,"543":0,"544":0,"545":0,"546":0,"547":0,"548":0,"549":0,"550":0,"551":0,"552":0,"553":0,"554":0,"555":0,"556":0,"557":0,"558":0,"559":0,"560":0,"561":0,"562":0,"563":0,"564":0,"565":0,"566":0,"567":0,"568":0,"569":0,"570":0,"571":0,"572":0,"573":0,"574":0,"575":0,"576":0,"577":0,"578":0,"579":0,"580":0,"581":0,"582":0,"583":0,"584":0,"585":0,"586":0,"587":0,"588":0,"589":0,"590":0,"591":0,"592":0,"593":0,"594":0,"595":0,"596":0,"597":0,"598":0,"599":0,"600":0,"601":0,"602":0,"603":0,"604":0,"605":0,"606":0,"607":0,"608":0,"609":0,"610":0,"611":0,"612":0,"613":0,"614":0,"615":0,"616":0,"617":0,"618":0,"619":0,"620":0,"621":0,"622":0,"623":0,"624":0,"625":0,"626":0,"627":0,"628":0,"629":0,"630":0,"631":0,"632":0,"633":0,"634":0,"635":0,"636":0,"637":0,"638":0,"639":0,"640":0,"641":0,"642":0,"643":0,"644":0,"645":0,"646":0,"647":0,"648":0,"649":0,"650":0,"651":0,"652":0,"653":0,"654":0,"655":0,"656":0,"657":0,"658":0,"659":0,"660":0,"661":0,"662":0,"663":0,"664":0,"665":0,"666":0,"667":0,"668":0,"669":0,"670":0,"671":0,"672":0,"673":0,"674":0,"675":0,"676":0,"677":0,"678":0,"679":0,"680":0,"681":0,"682":0,"683":0,"684":0,"685":0,"686":0,"687":0,"688":0,"689":0,"690":0,"691":0,"692":0,"693":0,"694":0,"695":0,"696":0,"697":0,"698":0,"699":0,"700":0,"701":0,"702":0,"703":0,"704":0,"705":0,"706":0,"707":0,"708":0,"709":0,"710":0,"711":0,"712":0,"713":0,"714":0,"715":0,"716":0,"717":0,"718":0,"719":0,"720":0,"721":0,"722":0,"723":0},"b":{"1":[0,0,0],"2":[0,0],"3":[0,0],"4":[0,0,0,0,0,0],"5":[0,0],"6":[0,0],"7":[0,0],"8":[0,0],"9":[0,0],"10":[0,0],"11":[0,0],"12":[0,0],"13":[0,0],"14":[0,0],"15":[0,0],"16":[0,0],"17":[0,0],"18":[0,0],"19":[0,0,0],"20":[0,0],"21":[0,0,0],"22":[0,0],"23":[0,0],"24":[0,0],"25":[0,0],"26":[0,0],"27":[0,0],"28":[0,0],"29":[0,0],"30":[0,0],"31":[0,0],"32":[0,0],"33":[0,0],"34":[0,0],"35":[0,0],"36":[0,0],"37":[0,0],"38":[0,0],"39":[0,0],"40":[0,0],"41":[0,0],"42":[0,0],"43":[0,0],"44":[0,0],"45":[0,0],"46":[0,0,0],"47":[0,0],"48":[0,0],"49":[0,0],"50":[0,0],"51":[0,0],"52":[0,0],"53":[0,0],"54":[0,0],"55":[0,0],"56":[0,0],"57":[0,0],"58":[0,0],"59":[0,0],"60":[0,0],"61":[0,0],"62":[0,0],"63":[0,0,0],"64":[0,0],"65":[0,0,0],"66":[0,0],"67":[0,0],"68":[0,0],"69":[0,0],"70":[0,0],"71":[0,0],"72":[0,0],"73":[0,0],"74":[0,0],"75":[0,0],"76":[0,0],"77":[0,0],"78":[0,0],"79":[0,0],"80":[0,0],"81":[0,0,0],"82":[0,0],"83":[0,0],"84":[0,0],"85":[0,0],"86":[0,0],"87":[0,0],"88":[0,0],"89":[0,0,0,0],"90":[0,0],"91":[0,0],"92":[0,0],"93":[0,0],"94":[0,0],"95":[0,0],"96":[0,0],"97":[0,0],"98":[0,0],"99":[0,0],"100":[0,0,0],"101":[0,0],"102":[0,0],"103":[0,0],"104":[0,0],"105":[0,0],"106":[0,0],"107":[0,0],"108":[0,0],"109":[0,0],"110":[0,0],"111":[0,0],"112":[0,0],"113":[0,0],"114":[0,0],"115":[0,0],"116":[0,0],"117":[0,0],"118":[0,0],"119":[0,0,0,0,0],"120":[0,0,0],"121":[0,0],"122":[0,0],"123":[0,0],"124":[0,0],"125":[0,0],"126":[0,0],"127":[0,0],"128":[0,0,0],"129":[0,0],"130":[0,0],"131":[0,0],"132":[0,0],"133":[0,0],"134":[0,0],"135":[0,0],"136":[0,0],"137":[0,0],"138":[0,0],"139":[0,0,0],"140":[0,0],"141":[0,0],"142":[0,0],"143":[0,0],"144":[0,0],"145":[0,0,0],"146":[0,0],"147":[0,0],"148":[0,0],"149":[0,0],"150":[0,0],"151":[0,0],"152":[0,0],"153":[0,0],"154":[0,0],"155":[0,0],"156":[0,0],"157":[0,0],"158":[0,0],"159":[0,0,0],"160":[0,0],"161":[0,0],"162":[0,0],"163":[0,0],"164":[0,0],"165":[0,0],"166":[0,0],"167":[0,0],"168":[0,0],"169":[0,0],"170":[0,0],"171":[0,0],"172":[0,0],"173":[0,0],"174":[0,0],"175":[0,0],"176":[0,0],"177":[0,0],"178":[0,0],"179":[0,0],"180":[0,0],"181":[0,0],"182":[0,0],"183":[0,0],"184":[0,0],"185":[0,0],"186":[0,0],"187":[0,0],"188":[0,0],"189":[0,0],"190":[0,0,0,0,0],"191":[0,0],"192":[0,0],"193":[0,0],"194":[0,0],"195":[0,0],"196":[0,0],"197":[0,0],"198":[0,0],"199":[0,0],"200":[0,0],"201":[0,0],"202":[0,0],"203":[0,0],"204":[0,0],"205":[0,0],"206":[0,0],"207":[0,0],"208":[0,0],"209":[0,0],"210":[0,0],"211":[0,0],"212":[0,0],"213":[0,0],"214":[0,0],"215":[0,0],"216":[0,0],"217":[0,0],"218":[0,0],"219":[0,0],"220":[0,0],"221":[0,0],"222":[0,0],"223":[0,0],"224":[0,0],"225":[0,0],"226":[0,0],"227":[0,0],"228":[0,0],"229":[0,0],"230":[0,0,0,0],"231":[0,0],"232":[0,0],"233":[0,0],"234":[0,0],"235":[0,0,0,0],"236":[0,0,0,0],"237":[0,0],"238":[0,0,0,0],"239":[0,0,0,0],"240":[0,0],"241":[0,0,0,0,0],"242":[0,0],"243":[0,0,0,0,0],"244":[0,0],"245":[0,0],"246":[0,0],"247":[0,0,0],"248":[0,0],"249":[0,0],"250":[0,0],"251":[0,0],"252":[0,0],"253":[0,0],"254":[0,0],"255":[0,0],"256":[0,0],"257":[0,0],"258":[0,0],"259":[0,0],"260":[0,0],"261":[0,0],"262":[0,0],"263":[0,0],"264":[0,0,0],"265":[0,0],"266":[0,0],"267":[0,0],"268":[0,0],"269":[0,0],"270":[0,0],"271":[0,0],"272":[0,0],"273":[0,0],"274":[0,0],"275":[0,0],"276":[0,0],"277":[0,0],"278":[0,0],"279":[0,0],"280":[0,0],"281":[0,0],"282":[0,0],"283":[0,0],"284":[0,0],"285":[0,0],"286":[0,0],"287":[0,0],"288":[0,0],"289":[0,0],"290":[0,0],"291":[0,0],"292":[0,0],"293":[0,0],"294":[0,0],"295":[0,0],"296":[0,0],"297":[0,0],"298":[0,0],"299":[0,0],"300":[0,0],"301":[0,0],"302":[0,0],"303":[0,0],"304":[0,0],"305":[0,0],"306":[0,0],"307":[0,0],"308":[0,0],"309":[0,0],"310":[0,0],"311":[0,0],"312":[0,0],"313":[0,0],"314":[0,0],"315":[0,0,0],"316":[0,0],"317":[0,0],"318":[0,0],"319":[0,0],"320":[0,0,0],"321":[0,0],"322":[0,0],"323":[0,0],"324":[0,0],"325":[0,0],"326":[0,0],"327":[0,0,0,0],"328":[0,0],"329":[0,0],"330":[0,0],"331":[0,0],"332":[0,0],"333":[0,0,0,0],"334":[0,0],"335":[0,0],"336":[0,0],"337":[0,0,0],"338":[0,0],"339":[0,0],"340":[0,0],"341":[0,0],"342":[0,0],"343":[0,0],"344":[0,0],"345":[0,0],"346":[0,0]},"f":{"1":0,"2":0,"3":0,"4":0,"5":0,"6":0,"7":0,"8":0,"9":0,"10":0,"11":0,"12":0,"13":0,"14":0,"15":0,"16":0,"17":0,"18":0,"19":0,"20":0,"21":0,"22":0,"23":0,"24":0,"25":0,"26":0,"27":0,"28":0,"29":0,"30":0,"31":0,"32":0,"33":0,"34":0,"35":0,"36":0,"37":0,"38":0,"39":0,"40":0,"41":0,"42":0,"43":0,"44":0,"45":0,"46":0,"47":0,"48":0,"49":0,"50":0,"51":0,"52":0,"53":0,"54":0,"55":0,"56":0,"57":0,"58":0,"59":0,"60":0,"61":0,"62":0,"63":0,"64":0,"65":0,"66":0,"67":0,"68":0,"69":0,"70":0,"71":0,"72":0,"73":0,"74":0,"75":0,"76":0,"77":0,"78":0,"79":0,"80":0,"81":0,"82":0},"fnMap":{"1":{"name":"(anonymous_1)","line":13,"loc":{"start":{"line":13,"column":17},"end":{"line":13,"column":34}}},"2":{"name":"(anonymous_2)","line":19,"loc":{"start":{"line":19,"column":30},"end":{"line":19,"column":41}}},"3":{"name":"(anonymous_3)","line":26,"loc":{"start":{"line":26,"column":18},"end":{"line":26,"column":32}}},"4":{"name":"(anonymous_4)","line":29,"loc":{"start":{"line":29,"column":19},"end":{"line":29,"column":33}}},"5":{"name":"(anonymous_5)","line":32,"loc":{"start":{"line":32,"column":23},"end":{"line":32,"column":37}}},"6":{"name":"(anonymous_6)","line":35,"loc":{"start":{"line":35,"column":23},"end":{"line":35,"column":36}}},"7":{"name":"(anonymous_7)","line":38,"loc":{"start":{"line":38,"column":20},"end":{"line":38,"column":40}}},"8":{"name":"(anonymous_8)","line":47,"loc":{"start":{"line":47,"column":19},"end":{"line":47,"column":40}}},"9":{"name":"(anonymous_9)","line":228,"loc":{"start":{"line":228,"column":14},"end":{"line":228,"column":36}}},"10":{"name":"(anonymous_10)","line":248,"loc":{"start":{"line":248,"column":31},"end":{"line":248,"column":52}}},"11":{"name":"(anonymous_11)","line":366,"loc":{"start":{"line":366,"column":16},"end":{"line":366,"column":27}}},"12":{"name":"(anonymous_12)","line":402,"loc":{"start":{"line":402,"column":15},"end":{"line":402,"column":31}}},"13":{"name":"(anonymous_13)","line":436,"loc":{"start":{"line":436,"column":14},"end":{"line":436,"column":31}}},"14":{"name":"(anonymous_14)","line":437,"loc":{"start":{"line":437,"column":24},"end":{"line":437,"column":35}}},"15":{"name":"(anonymous_15)","line":440,"loc":{"start":{"line":440,"column":22},"end":{"line":440,"column":33}}},"16":{"name":"(anonymous_16)","line":447,"loc":{"start":{"line":447,"column":23},"end":{"line":447,"column":34}}},"17":{"name":"(anonymous_17)","line":456,"loc":{"start":{"line":456,"column":24},"end":{"line":456,"column":35}}},"18":{"name":"(anonymous_18)","line":480,"loc":{"start":{"line":480,"column":14},"end":{"line":480,"column":34}}},"19":{"name":"(anonymous_19)","line":493,"loc":{"start":{"line":493,"column":14},"end":{"line":493,"column":34}}},"20":{"name":"(anonymous_20)","line":506,"loc":{"start":{"line":506,"column":16},"end":{"line":506,"column":51}}},"21":{"name":"(anonymous_21)","line":534,"loc":{"start":{"line":534,"column":20},"end":{"line":534,"column":46}}},"22":{"name":"(anonymous_22)","line":555,"loc":{"start":{"line":555,"column":16},"end":{"line":555,"column":28}}},"23":{"name":"(anonymous_23)","line":569,"loc":{"start":{"line":569,"column":35},"end":{"line":569,"column":46}}},"24":{"name":"(anonymous_24)","line":594,"loc":{"start":{"line":594,"column":16},"end":{"line":594,"column":33}}},"25":{"name":"(anonymous_25)","line":609,"loc":{"start":{"line":609,"column":21},"end":{"line":609,"column":32}}},"26":{"name":"(anonymous_26)","line":615,"loc":{"start":{"line":615,"column":21},"end":{"line":615,"column":32}}},"27":{"name":"(anonymous_27)","line":623,"loc":{"start":{"line":623,"column":38},"end":{"line":623,"column":50}}},"28":{"name":"(anonymous_28)","line":644,"loc":{"start":{"line":644,"column":21},"end":{"line":644,"column":32}}},"29":{"name":"(anonymous_29)","line":665,"loc":{"start":{"line":665,"column":22},"end":{"line":665,"column":33}}},"30":{"name":"(anonymous_30)","line":674,"loc":{"start":{"line":674,"column":20},"end":{"line":674,"column":31}}},"31":{"name":"(anonymous_31)","line":689,"loc":{"start":{"line":689,"column":37},"end":{"line":689,"column":49}}},"32":{"name":"(anonymous_32)","line":700,"loc":{"start":{"line":700,"column":42},"end":{"line":700,"column":59}}},"33":{"name":"(anonymous_33)","line":720,"loc":{"start":{"line":720,"column":45},"end":{"line":720,"column":80}}},"34":{"name":"(anonymous_34)","line":750,"loc":{"start":{"line":750,"column":17},"end":{"line":750,"column":36}}},"35":{"name":"(anonymous_35)","line":763,"loc":{"start":{"line":763,"column":45},"end":{"line":763,"column":68}}},"36":{"name":"(anonymous_36)","line":774,"loc":{"start":{"line":774,"column":17},"end":{"line":774,"column":31}}},"37":{"name":"(anonymous_37)","line":778,"loc":{"start":{"line":778,"column":15},"end":{"line":778,"column":29}}},"38":{"name":"(anonymous_38)","line":782,"loc":{"start":{"line":782,"column":16},"end":{"line":782,"column":32}}},"39":{"name":"(anonymous_39)","line":900,"loc":{"start":{"line":900,"column":60},"end":{"line":900,"column":75}}},"40":{"name":"(anonymous_40)","line":930,"loc":{"start":{"line":930,"column":16},"end":{"line":930,"column":31}}},"41":{"name":"(anonymous_41)","line":945,"loc":{"start":{"line":945,"column":20},"end":{"line":945,"column":31}}},"42":{"name":"(anonymous_42)","line":949,"loc":{"start":{"line":949,"column":25},"end":{"line":949,"column":36}}},"43":{"name":"(anonymous_43)","line":958,"loc":{"start":{"line":958,"column":26},"end":{"line":958,"column":37}}},"44":{"name":"(anonymous_44)","line":971,"loc":{"start":{"line":971,"column":19},"end":{"line":971,"column":30}}},"45":{"name":"(anonymous_45)","line":978,"loc":{"start":{"line":978,"column":23},"end":{"line":978,"column":51}}},"46":{"name":"(anonymous_46)","line":986,"loc":{"start":{"line":986,"column":25},"end":{"line":986,"column":52}}},"47":{"name":"(anonymous_47)","line":996,"loc":{"start":{"line":996,"column":21},"end":{"line":996,"column":32}}},"48":{"name":"(anonymous_48)","line":1003,"loc":{"start":{"line":1003,"column":48},"end":{"line":1003,"column":59}}},"49":{"name":"(anonymous_49)","line":1012,"loc":{"start":{"line":1012,"column":35},"end":{"line":1012,"column":46}}},"50":{"name":"(anonymous_50)","line":1036,"loc":{"start":{"line":1036,"column":24},"end":{"line":1036,"column":35}}},"51":{"name":"(anonymous_51)","line":1053,"loc":{"start":{"line":1053,"column":20},"end":{"line":1053,"column":31}}},"52":{"name":"(anonymous_52)","line":1118,"loc":{"start":{"line":1118,"column":53},"end":{"line":1118,"column":64}}},"53":{"name":"(anonymous_53)","line":1134,"loc":{"start":{"line":1134,"column":45},"end":{"line":1134,"column":65}}},"54":{"name":"(anonymous_54)","line":1175,"loc":{"start":{"line":1175,"column":23},"end":{"line":1175,"column":34}}},"55":{"name":"(anonymous_55)","line":1401,"loc":{"start":{"line":1401,"column":22},"end":{"line":1401,"column":45}}},"56":{"name":"(anonymous_56)","line":1427,"loc":{"start":{"line":1427,"column":22},"end":{"line":1427,"column":33}}},"57":{"name":"(anonymous_57)","line":1442,"loc":{"start":{"line":1442,"column":66},"end":{"line":1442,"column":78}}},"58":{"name":"(anonymous_58)","line":1453,"loc":{"start":{"line":1453,"column":79},"end":{"line":1453,"column":91}}},"59":{"name":"(anonymous_59)","line":1485,"loc":{"start":{"line":1485,"column":23},"end":{"line":1485,"column":37}}},"60":{"name":"(anonymous_60)","line":1514,"loc":{"start":{"line":1514,"column":25},"end":{"line":1514,"column":36}}},"61":{"name":"(anonymous_61)","line":1561,"loc":{"start":{"line":1561,"column":14},"end":{"line":1561,"column":32}}},"62":{"name":"(anonymous_62)","line":1585,"loc":{"start":{"line":1585,"column":16},"end":{"line":1585,"column":27}}},"63":{"name":"(anonymous_63)","line":1616,"loc":{"start":{"line":1616,"column":17},"end":{"line":1616,"column":28}}},"64":{"name":"(anonymous_64)","line":1640,"loc":{"start":{"line":1640,"column":18},"end":{"line":1640,"column":29}}},"65":{"name":"(anonymous_65)","line":1679,"loc":{"start":{"line":1679,"column":19},"end":{"line":1679,"column":30}}},"66":{"name":"(anonymous_66)","line":1695,"loc":{"start":{"line":1695,"column":26},"end":{"line":1695,"column":37}}},"67":{"name":"(anonymous_67)","line":1721,"loc":{"start":{"line":1721,"column":16},"end":{"line":1721,"column":31}}},"68":{"name":"(anonymous_68)","line":1742,"loc":{"start":{"line":1742,"column":14},"end":{"line":1742,"column":29}}},"69":{"name":"(anonymous_69)","line":1761,"loc":{"start":{"line":1761,"column":51},"end":{"line":1761,"column":63}}},"70":{"name":"(anonymous_70)","line":1777,"loc":{"start":{"line":1777,"column":15},"end":{"line":1777,"column":26}}},"71":{"name":"(anonymous_71)","line":1798,"loc":{"start":{"line":1798,"column":16},"end":{"line":1798,"column":27}}},"72":{"name":"(anonymous_72)","line":1820,"loc":{"start":{"line":1820,"column":17},"end":{"line":1820,"column":37}}},"73":{"name":"(anonymous_73)","line":1839,"loc":{"start":{"line":1839,"column":20},"end":{"line":1839,"column":40}}},"74":{"name":"(anonymous_74)","line":1842,"loc":{"start":{"line":1842,"column":39},"end":{"line":1842,"column":50}}},"75":{"name":"(anonymous_75)","line":1860,"loc":{"start":{"line":1860,"column":18},"end":{"line":1860,"column":29}}},"76":{"name":"(anonymous_76)","line":1866,"loc":{"start":{"line":1866,"column":20},"end":{"line":1866,"column":35}}},"77":{"name":"(anonymous_77)","line":1885,"loc":{"start":{"line":1885,"column":20},"end":{"line":1885,"column":35}}},"78":{"name":"(anonymous_78)","line":1936,"loc":{"start":{"line":1936,"column":25},"end":{"line":1936,"column":43}}},"79":{"name":"(anonymous_79)","line":1940,"loc":{"start":{"line":1940,"column":18},"end":{"line":1940,"column":30}}},"80":{"name":"(anonymous_80)","line":1983,"loc":{"start":{"line":1983,"column":12},"end":{"line":1983,"column":23}}},"81":{"name":"(anonymous_81)","line":1988,"loc":{"start":{"line":1988,"column":36},"end":{"line":1988,"column":47}}},"82":{"name":"(anonymous_82)","line":2000,"loc":{"start":{"line":2000,"column":44},"end":{"line":2000,"column":55}}}},"statementMap":{"1":{"start":{"line":13,"column":0},"end":{"line":2027,"column":1}},"2":{"start":{"line":16,"column":4},"end":{"line":49,"column":10}},"3":{"start":{"line":20,"column":12},"end":{"line":20,"column":42}},"4":{"start":{"line":27,"column":12},"end":{"line":27,"column":70}},"5":{"start":{"line":30,"column":12},"end":{"line":30,"column":56}},"6":{"start":{"line":33,"column":12},"end":{"line":33,"column":57}},"7":{"start":{"line":36,"column":12},"end":{"line":36,"column":197}},"8":{"start":{"line":39,"column":12},"end":{"line":39,"column":48}},"9":{"start":{"line":41,"column":12},"end":{"line":43,"column":13}},"10":{"start":{"line":42,"column":16},"end":{"line":42,"column":59}},"11":{"start":{"line":45,"column":12},"end":{"line":45,"column":36}},"12":{"start":{"line":48,"column":12},"end":{"line":48,"column":48}},"13":{"start":{"line":51,"column":4},"end":{"line":1507,"column":7}},"14":{"start":{"line":229,"column":12},"end":{"line":231,"column":13}},"15":{"start":{"line":230,"column":16},"end":{"line":230,"column":23}},"16":{"start":{"line":233,"column":12},"end":{"line":235,"column":13}},"17":{"start":{"line":234,"column":16},"end":{"line":234,"column":26}},"18":{"start":{"line":238,"column":12},"end":{"line":240,"column":13}},"19":{"start":{"line":239,"column":16},"end":{"line":239,"column":23}},"20":{"start":{"line":243,"column":12},"end":{"line":245,"column":13}},"21":{"start":{"line":244,"column":16},"end":{"line":244,"column":71}},"22":{"start":{"line":248,"column":12},"end":{"line":350,"column":15}},"23":{"start":{"line":249,"column":16},"end":{"line":256,"column":29}},"24":{"start":{"line":258,"column":16},"end":{"line":279,"column":17}},"25":{"start":{"line":260,"column":20},"end":{"line":262,"column":21}},"26":{"start":{"line":261,"column":24},"end":{"line":261,"column":50}},"27":{"start":{"line":264,"column":20},"end":{"line":278,"column":21}},"28":{"start":{"line":265,"column":24},"end":{"line":270,"column":26}},"29":{"start":{"line":272,"column":24},"end":{"line":274,"column":25}},"30":{"start":{"line":273,"column":28},"end":{"line":273,"column":73}},"31":{"start":{"line":277,"column":24},"end":{"line":277,"column":38}},"32":{"start":{"line":281,"column":16},"end":{"line":281,"column":85}},"33":{"start":{"line":282,"column":16},"end":{"line":282,"column":80}},"34":{"start":{"line":284,"column":16},"end":{"line":284,"column":54}},"35":{"start":{"line":285,"column":16},"end":{"line":285,"column":66}},"36":{"start":{"line":287,"column":16},"end":{"line":294,"column":17}},"37":{"start":{"line":288,"column":20},"end":{"line":288,"column":57}},"38":{"start":{"line":290,"column":20},"end":{"line":293,"column":21}},"39":{"start":{"line":291,"column":24},"end":{"line":291,"column":77}},"40":{"start":{"line":292,"column":24},"end":{"line":292,"column":51}},"41":{"start":{"line":296,"column":16},"end":{"line":321,"column":17}},"42":{"start":{"line":298,"column":20},"end":{"line":312,"column":21}},"43":{"start":{"line":299,"column":24},"end":{"line":311,"column":25}},"44":{"start":{"line":300,"column":28},"end":{"line":300,"column":43}},"45":{"start":{"line":302,"column":31},"end":{"line":311,"column":25}},"46":{"start":{"line":303,"column":28},"end":{"line":303,"column":41}},"47":{"start":{"line":305,"column":31},"end":{"line":311,"column":25}},"48":{"start":{"line":306,"column":28},"end":{"line":306,"column":44}},"49":{"start":{"line":308,"column":31},"end":{"line":311,"column":25}},"50":{"start":{"line":309,"column":28},"end":{"line":309,"column":42}},"51":{"start":{"line":310,"column":28},"end":{"line":310,"column":46}},"52":{"start":{"line":316,"column":20},"end":{"line":320,"column":21}},"53":{"start":{"line":317,"column":24},"end":{"line":317,"column":57}},"54":{"start":{"line":318,"column":24},"end":{"line":318,"column":49}},"55":{"start":{"line":319,"column":24},"end":{"line":319,"column":53}},"56":{"start":{"line":323,"column":16},"end":{"line":339,"column":17}},"57":{"start":{"line":324,"column":20},"end":{"line":338,"column":21}},"58":{"start":{"line":325,"column":24},"end":{"line":330,"column":25}},"59":{"start":{"line":326,"column":28},"end":{"line":326,"column":105}},"60":{"start":{"line":328,"column":31},"end":{"line":330,"column":25}},"61":{"start":{"line":329,"column":28},"end":{"line":329,"column":46}},"62":{"start":{"line":332,"column":27},"end":{"line":338,"column":21}},"63":{"start":{"line":333,"column":24},"end":{"line":333,"column":39}},"64":{"start":{"line":335,"column":27},"end":{"line":338,"column":21}},"65":{"start":{"line":336,"column":24},"end":{"line":336,"column":40}},"66":{"start":{"line":337,"column":24},"end":{"line":337,"column":42}},"67":{"start":{"line":341,"column":16},"end":{"line":347,"column":19}},"68":{"start":{"line":349,"column":16},"end":{"line":349,"column":31}},"69":{"start":{"line":353,"column":12},"end":{"line":353,"column":63}},"70":{"start":{"line":356,"column":12},"end":{"line":358,"column":13}},"71":{"start":{"line":357,"column":16},"end":{"line":357,"column":96}},"72":{"start":{"line":360,"column":12},"end":{"line":360,"column":28}},"73":{"start":{"line":362,"column":12},"end":{"line":362,"column":42}},"74":{"start":{"line":367,"column":12},"end":{"line":367,"column":34}},"75":{"start":{"line":369,"column":12},"end":{"line":371,"column":13}},"76":{"start":{"line":370,"column":16},"end":{"line":370,"column":23}},"77":{"start":{"line":373,"column":12},"end":{"line":373,"column":28}},"78":{"start":{"line":375,"column":12},"end":{"line":377,"column":13}},"79":{"start":{"line":376,"column":16},"end":{"line":376,"column":23}},"80":{"start":{"line":379,"column":12},"end":{"line":381,"column":13}},"81":{"start":{"line":380,"column":16},"end":{"line":380,"column":35}},"82":{"start":{"line":383,"column":12},"end":{"line":383,"column":30}},"83":{"start":{"line":385,"column":12},"end":{"line":387,"column":13}},"84":{"start":{"line":386,"column":16},"end":{"line":386,"column":66}},"85":{"start":{"line":389,"column":12},"end":{"line":391,"column":13}},"86":{"start":{"line":390,"column":16},"end":{"line":390,"column":73}},"87":{"start":{"line":393,"column":12},"end":{"line":393,"column":28}},"88":{"start":{"line":396,"column":12},"end":{"line":398,"column":13}},"89":{"start":{"line":397,"column":16},"end":{"line":397,"column":40}},"90":{"start":{"line":403,"column":12},"end":{"line":403,"column":23}},"91":{"start":{"line":405,"column":12},"end":{"line":407,"column":13}},"92":{"start":{"line":406,"column":16},"end":{"line":406,"column":23}},"93":{"start":{"line":409,"column":12},"end":{"line":409,"column":29}},"94":{"start":{"line":411,"column":12},"end":{"line":413,"column":13}},"95":{"start":{"line":412,"column":16},"end":{"line":412,"column":23}},"96":{"start":{"line":415,"column":12},"end":{"line":429,"column":13}},"97":{"start":{"line":416,"column":16},"end":{"line":416,"column":80}},"98":{"start":{"line":418,"column":16},"end":{"line":418,"column":34}},"99":{"start":{"line":421,"column":16},"end":{"line":421,"column":46}},"100":{"start":{"line":422,"column":16},"end":{"line":422,"column":35}},"101":{"start":{"line":424,"column":16},"end":{"line":424,"column":65}},"102":{"start":{"line":426,"column":16},"end":{"line":426,"column":71}},"103":{"start":{"line":428,"column":16},"end":{"line":428,"column":55}},"104":{"start":{"line":437,"column":12},"end":{"line":470,"column":18}},"105":{"start":{"line":438,"column":20},"end":{"line":438,"column":49}},"106":{"start":{"line":441,"column":20},"end":{"line":441,"column":28}},"107":{"start":{"line":443,"column":20},"end":{"line":445,"column":21}},"108":{"start":{"line":444,"column":24},"end":{"line":444,"column":81}},"109":{"start":{"line":448,"column":20},"end":{"line":448,"column":28}},"110":{"start":{"line":450,"column":20},"end":{"line":450,"column":40}},"111":{"start":{"line":452,"column":20},"end":{"line":452,"column":46}},"112":{"start":{"line":454,"column":20},"end":{"line":454,"column":43}},"113":{"start":{"line":457,"column":20},"end":{"line":469,"column":21}},"114":{"start":{"line":458,"column":24},"end":{"line":458,"column":49}},"115":{"start":{"line":460,"column":24},"end":{"line":464,"column":27}},"116":{"start":{"line":466,"column":24},"end":{"line":466,"column":30}},"117":{"start":{"line":468,"column":24},"end":{"line":468,"column":49}},"118":{"start":{"line":472,"column":12},"end":{"line":476,"column":13}},"119":{"start":{"line":473,"column":16},"end":{"line":473,"column":24}},"120":{"start":{"line":475,"column":16},"end":{"line":475,"column":23}},"121":{"start":{"line":481,"column":12},"end":{"line":481,"column":36}},"122":{"start":{"line":483,"column":12},"end":{"line":489,"column":13}},"123":{"start":{"line":484,"column":16},"end":{"line":486,"column":17}},"124":{"start":{"line":485,"column":20},"end":{"line":485,"column":55}},"125":{"start":{"line":488,"column":16},"end":{"line":488,"column":63}},"126":{"start":{"line":494,"column":12},"end":{"line":494,"column":36}},"127":{"start":{"line":496,"column":12},"end":{"line":502,"column":13}},"128":{"start":{"line":497,"column":16},"end":{"line":499,"column":17}},"129":{"start":{"line":498,"column":20},"end":{"line":498,"column":55}},"130":{"start":{"line":501,"column":16},"end":{"line":501,"column":63}},"131":{"start":{"line":507,"column":12},"end":{"line":507,"column":36}},"132":{"start":{"line":509,"column":12},"end":{"line":511,"column":13}},"133":{"start":{"line":510,"column":16},"end":{"line":510,"column":23}},"134":{"start":{"line":513,"column":12},"end":{"line":513,"column":37}},"135":{"start":{"line":515,"column":12},"end":{"line":515,"column":101}},"136":{"start":{"line":516,"column":12},"end":{"line":516,"column":42}},"137":{"start":{"line":518,"column":12},"end":{"line":524,"column":13}},"138":{"start":{"line":519,"column":16},"end":{"line":521,"column":17}},"139":{"start":{"line":520,"column":20},"end":{"line":520,"column":82}},"140":{"start":{"line":523,"column":16}
[...]
y(this),","            selector = this.selector || '',","            run = function(e) {","                var what = jQuery(this).blur(), idx = index, relType, relVal;","","                if (!(e.ctrlKey || e.altKey || e.shiftKey || e.metaKey) && !what.is('.fancybox-wrap')) {","                    relType = options.groupAttr || 'data-fancybox-group';","                    relVal = what.attr(relType);","","                    if (!relVal) {","                        relType = 'rel';","                        relVal = what.get(0)[relType];","                    }","","                    if (relVal && relVal !== '' && relVal !== 'nofollow') {","                        what = selector.length ? jQuery(selector) : that;","                        what = what.filter('[' + relType + '=\"' + relVal + '\"]');","                        idx = what.index(this);","                    }","","                    options.index = idx;","","                    // Stop an event from bubbling if everything is fine","                    if (F.open(what, options) !== false) {","                        e.preventDefault();","                    }","                }","            };","","        options = options || {};","        index = options.index || 0;","","        if (!selector || options.live === false) {","            that.unbind('click.fb-start').bind('click.fb-start', run);","","        } else {","            D.undelegate(selector, 'click.fb-start').delegate(selector + \":not('.fancybox-item, .fancybox-nav')\", 'click.fb-start', run);","        }","","        this.filter('[data-fancybox-start=1]').trigger('click');","","        return this;","    };","","    // Tests that need a body at doc ready","    D.ready(function() {","        var w1, w2;","","        if (jQuery.scrollbarWidth === undefined) {","            // http://benalman.com/projects/jquery-misc-plugins/#scrollbarwidth","            jQuery.scrollbarWidth = function() {","                var parent = jQuery('<div style=\"width:50px;height:50px;overflow:auto\"><div/></div>').appendTo('body'),","                    child = parent.children(),","                    width = child.innerWidth() - child.height(99).innerWidth();","","                parent.remove();","","                return width;","            };","        }","","        if (jQuery.support.fixedPosition === undefined) {","            jQuery.support.fixedPosition = (function() {","                var elem = jQuery('<div style=\"position:fixed;top:20px;\"></div>').appendTo('body'),","                    fixed = (elem[0].offsetTop === 20 || elem[0].offsetTop === 15);","","                elem.remove();","","                return fixed;","            }());","        }","","        jQuery.extend(F.defaults, {","            scrollbarWidth: jQuery.scrollbarWidth(),","            fixed: jQuery.support.fixedPosition,","            parent: jQuery('body')","        });","","        //Get real width of page scroll-bar","        w1 = jQuery(window).width();","","        H.addClass('fancybox-lock-test');","","        w2 = jQuery(window).width();","","        H.removeClass('fancybox-lock-test');","","        jQuery(\"<style type='text/css'>.fancybox-margin{margin-right:\" + (w2 - w1) + \"px;}</style>\").appendTo(\"head\");","    });","}",""],"l":{"13":1,"16":0,"20":0,"27":0,"30":0,"33":0,"36":0,"39":0,"41":0,"42":0,"45":0,"48":0,"51":0,"229":0,"230":0,"233":0,"234":0,"238":0,"239":0,"243":0,"244":0,"248":0,"249":0,"258":0,"260":0,"261":0,"264":0,"265":0,"272":0,"273":0,"277":0,"281":0,"282":0,"284":0,"285":0,"287":0,"288":0,"290":0,"291":0,"292":0,"296":0,"298":0,"299":0,"300":0,"302":0,"303":0,"305":0,"306":0,"308":0,"309":0,"310":0,"316":0,"317":0,"318":0,"319":0,"323":0,"324":0,"325":0,"326":0,"328":0,"329":0,"332":0,"333":0,"335":0,"336":0,"337":0,"341":0,"349":0,"353":0,"356":0,"357":0,"360":0,"362":0,"367":0,"369":0,"370":0,"373":0,"375":0,"376":0,"379":0,"380":0,"383":0,"385":0,"386":0,"389":0,"390":0,"393":0,"396":0,"397":0,"403":0,"405":0,"406":0,"409":0,"411":0,"412":0,"415":0,"416":0,"418":0,"421":0,"422":0,"424":0,"426":0,"428":0,"437":0,"438":0,"441":0,"443":0,"444":0,"448":0,"450":0,"452":0,"454":0,"457":0,"458":0,"460":0,"466":0,"468":0,"472":0,"473":0,"475":0,"481":0,"483":0,"484":0,"485":0,"488":0,"494":0,"496":0,"497":0,"498":0,"501":0,"507":0,"509":0,"510":0,"513":0,"515":0,"516":0,"518":0,"519":0,"520":0,"523":0,"526":0,"527":0,"529":0,"535":0,"539":0,"540":0,"542":0,"543":0,"545":0,"548":0,"550":0,"556":0,"559":0,"560":0,"562":0,"565":0,"566":0,"569":0,"570":0,"572":0,"573":0,"576":0,"578":0,"579":0,"582":0,"583":0,"586":0,"588":0,"595":0,"596":0,"599":0,"600":0,"602":0,"605":0,"610":0,"612":0,"616":0,"618":0,"620":0,"623":0,"624":0,"625":0,"627":0,"631":0,"632":0,"634":0,"641":0,"645":0,"651":0,"652":0,"653":0,"657":0,"658":0,"661":0,"666":0,"667":0,"670":0,"671":0,"675":0,"678":0,"679":0,"684":0,"686":0,"688":0,"689":0,"690":0,"694":0,"695":0,"699":0,"700":0,"701":0,"702":0,"704":0,"705":0,"708":0,"709":0,"711":0,"712":0,"719":0,"720":0,"721":0,"725":0,"726":0,"727":0,"730":0,"731":0,"734":0,"735":0,"736":0,"737":0,"739":0,"740":0,"743":0,"751":0,"753":0,"754":0,"755":0,"758":0,"759":0,"762":0,"763":0,"764":0,"765":0,"771":0,"775":0,"779":0,"783":0,"790":0,"791":0,"793":0,"794":0,"797":0,"800":0,"801":0,"803":0,"804":0,"807":0,"808":0,"812":0,"813":0,"829":0,"830":0,"833":0,"834":0,"837":0,"838":0,"848":0,"849":0,"852":0,"854":0,"855":0,"857":0,"860":0,"861":0,"863":0,"864":0,"867":0,"868":0,"870":0,"873":0,"876":0,"878":0,"879":0,"880":0,"883":0,"884":0,"887":0,"888":0,"892":0,"894":0,"900":0,"901":0,"904":0,"907":0,"908":0,"909":0,"912":0,"913":0,"916":0,"917":0,"919":0,"920":0,"922":0,"923":0,"926":0,"931":0,"942":0,"947":0,"949":0,"950":0,"952":0,"953":0,"955":0,"958":0,"959":0,"961":0,"964":0,"966":0,"967":0,"972":0,"974":0,"976":0,"979":0,"980":0,"983":0,"987":0,"988":0,"990":0,"997":0,"1003":0,"1004":0,"1005":0,"1009":0,"1010":0,"1012":0,"1013":0,"1016":0,"1017":0,"1023":0,"1025":0,"1029":0,"1031":0,"1032":0,"1037":0,"1044":0,"1045":0,"1047":0,"1048":0,"1054":0,"1064":0,"1066":0,"1067":0,"1070":0,"1071":0,"1073":0,"1075":0,"1078":0,"1079":0,"1081":0,"1086":0,"1088":0,"1089":0,"1090":0,"1091":0,"1093":0,"1102":0,"1104":0,"1108":0,"1109":0,"1111":0,"1112":0,"1113":0,"1116":0,"1118":0,"1119":0,"1120":0,"1124":0,"1127":0,"1128":0,"1131":0,"1132":0,"1134":0,"1135":0,"1136":0,"1139":0,"1140":0,"1143":0,"1144":0,"1148":0,"1151":0,"1154":0,"1156":0,"1158":0,"1159":0,"1161":0,"1163":0,"1164":0,"1166":0,"1167":0,"1170":0,"1172":0,"1176":0,"1212":0,"1214":0,"1215":0,"1218":0,"1219":0,"1221":0,"1222":0,"1224":0,"1225":0,"1227":0,"1228":0,"1229":0,"1230":0,"1232":0,"1234":0,"1235":0,"1238":0,"1244":0,"1245":0,"1248":0,"1249":0,"1252":0,"1253":0,"1256":0,"1257":0,"1260":0,"1261":0,"1264":0,"1267":0,"1268":0,"1270":0,"1273":0,"1274":0,"1276":0,"1277":0,"1280":0,"1281":0,"1283":0,"1284":0,"1285":0,"1288":0,"1289":0,"1291":0,"1292":0,"1293":0,"1294":0,"1297":0,"1298":0,"1299":0,"1302":0,"1303":0,"1304":0,"1307":0,"1308":0,"1309":0,"1313":0,"1315":0,"1316":0,"1318":0,"1321":0,"1325":0,"1326":0,"1328":0,"1331":0,"1332":0,"1334":0,"1335":0,"1336":0,"1337":0,"1340":0,"1341":0,"1343":0,"1344":0,"1345":0,"1348":0,"1349":0,"1350":0,"1353":0,"1355":0,"1357":0,"1358":0,"1362":0,"1363":0,"1367":0,"1368":0,"1371":0,"1373":0,"1375":0,"1376":0,"1378":0,"1379":0,"1381":0,"1396":0,"1397":0,"1402":0,"1413":0,"1414":0,"1416":0,"1417":0,"1418":0,"1421":0,"1422":0,"1424":0,"1428":0,"1430":0,"1431":0,"1434":0,"1436":0,"1438":0,"1441":0,"1442":0,"1443":0,"1444":0,"1446":0,"1452":0,"1453":0,"1454":0,"1456":0,"1461":0,"1462":0,"1463":0,"1466":0,"1467":0,"1471":0,"1474":0,"1476":0,"1478":0,"1479":0,"1481":0,"1486":0,"1488":0,"1490":0,"1505":0,"1513":0,"1515":0,"1525":0,"1526":0,"1528":0,"1529":0,"1533":0,"1534":0,"1536":0,"1537":0,"1538":0,"1542":0,"1543":0,"1546":0,"1547":0,"1548":0,"1551":0,"1558":0,"1562":0,"1570":0,"1571":0,"1573":0,"1574":0,"1577":0,"1578":0,"1580":0,"1581":0,"1586":0,"1595":0,"1597":0,"1598":0,"1600":0,"1601":0,"1604":0,"1605":0,"1608":0,"1617":0,"1624":0,"1625":0,"1627":0,"1628":0,"1632":0,"1641":0,"1651":0,"1653":0,"1654":0,"1656":0,"1657":0,"1658":0,"1661":0,"1662":0,"1667":0,"1668":0,"1671":0,"1680":0,"1688":0,"1689":0,"1692":0,"1696":0,"1706":0,"1722":0,"1724":0,"1726":0,"1727":0,"1730":0,"1732":0,"1733":0,"1735":0,"1736":0,"1738":0,"1743":0,"1745":0,"1747":0,"1748":0,"1751":0,"1754":0,"1755":0,"1757":0,"1760":0,"1761":0,"1762":0,"1763":0,"1764":0,"1766":0,"1769":0,"1774":0,"1778":0,"1780":0,"1781":0,"1783":0,"1785":0,"1788":0,"1790":0,"1799":0,"1802":0,"1805":0,"1806":0,"1808":0,"1809":0,"1812":0,"1813":0,"1816":0,"1821":0,"1823":0,"1825":0,"1826":0,"1829":0,"1830":0,"1831":0,"1834":0,"1835":0,"1840":0,"1841":0,"1842":0,"1843":0,"1847":0,"1849":0,"1850":0,"1852":0,"1854":0,"1857":0,"1861":0,"1862":0,"1869":0,"1870":0,"1879":0,"1886":0,"1892":0,"1893":0,"1896":0,"1897":0,"1900":0,"1902":0,"1904":0,"1905":0,"1908":0,"1909":0,"1912":0,"1913":0,"1916":0,"1918":0,"1920":0,"1921":0,"1924":0,"1927":0,"1928":0,"1931":0,"1936":0,"1937":0,"1941":0,"1943":0,"1944":0,"1945":0,"1947":0,"1948":0,"1949":0,"1952":0,"1953":0,"1954":0,"1955":0,"1958":0,"1961":0,"1962":0,"1967":0,"1968":0,"1970":0,"1971":0,"1974":0,"1977":0,"1979":0,"1983":0,"1984":0,"1986":0,"1988":0,"1989":0,"1993":0,"1995":0,"1999":0,"2000":0,"2001":0,"2004":0,"2006":0,"2010":0,"2017":0,"2019":0,"2021":0,"2023":0,"2025":0}},"/home/travis/build/npmtest/node-npmtest-fancybox/node_modules/fancybox/lib/jquery.mousewheel.pack.js":{"path":"/home/travis/build/npmtest/node-npmtest-fancybox/node_modules/fancybox/lib/jquery.mousewheel.pack.js","s":{"1":1,"2":1,"3":1,"4":0,"5":0,"6":0,"7":0,"8":0,"9":0,"10":0,"11":0,"12":0,"13":0,"14":0,"15":0,"16":0,"17":0,"18":0,"19":0,"20":0,"21":0,"22":0,"23":0,"24":0,"25":0,"26":0,"27":0,"28":0,"29":0,"30":0,"31":0,"32":0,"33":0,"34":0,"35":0,"36":0,"37":0,"38":0,"39":0,"40":0,"41":0,"42":0,"43":0},"b":{"1":[0,1],"2":[1,0],"3":[1,0],"4":[0,0],"5":[0,0],"6":[0,0],"7":[0,0],"8":[0,0],"9":[0,0],"10":[0,0],"11":[0,0],"12":[0,0],"13":[0,0],"14":[0,0],"15":[0,0],"16":[0,0],"17":[0,0],"18":[0,0],"19":[0,0],"20":[0,0],"21":[0,0],"22":[0,0]},"f":{"1":1,"2":0,"3":0,"4":0,"5":0,"6":0,"7":0},"fnMap":{"1":{"name":"(anonymous_1)","line":12,"loc":{"start":{"line":12,"column":2},"end":{"line":12,"column":13}}},"2":{"name":"(anonymous_2)","line":12,"loc":{"start":{"line":12,"column":129},"end":{"line":12,"column":140}}},"3":{"name":"l","line":12,"loc":{"start":{"line":12,"column":141},"end":{"line":12,"column":154}}},"4":{"name":"(anonymous_4)","line":14,"loc":{"start":{"line":14,"column":34},"end":{"line":14,"column":44}}},"5":{"name":"(anonymous_5)","line":14,"loc":{"start":{"line":14,"column":162},"end":{"line":14,"column":172}}},"6":{"name":"(anonymous_6)","line":14,"loc":{"start":{"line":14,"column":315},"end":{"line":14,"column":326}}},"7":{"name":"(anonymous_7)","line":14,"loc":{"start":{"line":14,"column":403},"end":{"line":14,"column":414}}}},"statementMap":{"1":{"start":{"line":12,"column":1},"end":{"line":14,"column":455}},"2":{"start":{"line":12,"column":14},"end":{"line":12,"column":126}},"3":{"start":{"line":12,"column":141},"end":{"line":13,"column":230}},"4":{"start":{"line":12,"column":155},"end":{"line":12,"column":226}},"5":{"start":{"line":12,"column":226},"end":{"line":12,"column":243}},"6":{"start":{"line":12,"column":243},"end":{"line":12,"column":263}},"7":{"start":{"line":12,"column":263},"end":{"line":12,"column":294}},"8":{"start":{"line":12,"column":294},"end":{"line":12,"column":320}},"9":{"start":{"line":12,"column":320},"end":{"line":12,"column":348}},"10":{"start":{"line":12,"column":348},"end":{"line":12,"column":378}},"11":{"start":{"line":12,"column":378},"end":{"line":12,"column":420}},"12":{"start":{"line":12,"column":420},"end":{"line":12,"column":465}},"13":{"start":{"line":12,"column":465},"end":{"line":12,"column":479}},"14":{"start":{"line":12,"column":479},"end":{"line":12,"column":494}},"15":{"start":{"line":12,"column":490},"end":{"line":12,"column":494}},"16":{"start":{"line":12,"column":494},"end":{"line":13,"column":13}},"17":{"start":{"line":13,"column":13},"end":{"line":13,"column":28}},"18":{"start":{"line":13,"column":24},"end":{"line":13,"column":28}},"19":{"start":{"line":13,"column":28},"end":{"line":13,"column":49}},"20":{"start":{"line":13,"column":49},"end":{"line":13,"column":64}},"21":{"start":{"line":13,"column":64},"end":{"line":13,"column":79}},"22":{"start":{"line":13,"column":79},"end":{"line":13,"column":94}},"23":{"start":{"line":13,"column":94},"end":{"line":13,"column":156}},"24":{"start":{"line":13,"column":98},"end":{"line":13,"column":142}},"25":{"start":{"line":13,"column":152},"end":{"line":13,"column":155}},"26":{"start":{"line":13,"column":156},"end":{"line":13,"column":175}},"27":{"start":{"line":13,"column":175},"end":{"line":13,"column":229}},"28":{"start":{"line":13,"column":230},"end":{"line":13,"column":415}},"29":{"start":{"line":13,"column":415},"end":{"line":13,"column":501}},"30":{"start":{"line":13,"column":435},"end":{"line":13,"column":501}},"31":{"start":{"line":13,"column":457},"end":{"line":13,"column":501}},"32":{"start":{"line":14,"column":0},"end":{"line":14,"column":291}},"33":{"start":{"line":14,"column":45},"end":{"line":14,"column":151}},"34":{"start":{"line":14,"column":70},"end":{"line":14,"column":127}},"35":{"start":{"line":14,"column":92},"end":{"line":14,"column":127}},"36":{"start":{"line":14,"column":132},"end":{"line":14,"column":151}},"37":{"start":{"line":14,"column":173},"end":{"line":14,"column":288}},"38":{"start":{"line":14,"column":201},"end":{"line":14,"column":261}},"39":{"start":{"line":14,"column":223},"end":{"line":14,"column":261}},"40":{"start":{"line":14,"column":266},"end":{"line":14,"column":288}},"41":{"start":{"line":14,"column":291},"end":{"line":14,"column":452}},"42":{"start":{"line":14,"column":327},"end":{"line":14,"column":388}},"43":{"start":{"line":14,"column":415},"end":{"line":14,"column":449}}},"branchMap":{"1":{"line":12,"type":"cond-expr","locations":[{"start":{"line":12,"column":53},"end":{"line":12,"column":73}},{"start":{"line":12,"column":74},"end":{"line":12,"column":126}}]},"2":{"line":12,"type":"binary-expr","locations":[{"start":{"line":12,"column":14},"end":{"line":12,"column":40}},{"start":{"line":12,"column":42},"end":{"line":12,"column":52}}]},"3":{"line":12,"type":"cond-expr","locations":[{"start":{"line":12,"column":100},"end":{"line":12,"column":116}},{"start":{"line":12,"column":117},"end":{"line":12,"column":126}}]},"4":{"line":12,"type":"binary-expr","locations":[{"start":{"line":12,"column":161},"end":{"line":12,"column":162}},{"start":{"line":12,"column":164},"end":{"line":12,"column":176}}]},"5":{"line":12,"type":"binary-expr","locations":[{"start":{"line":12,"column":263},"end":{"line":12,"column":275}},{"start":{"line":12,"column":278},"end":{"line":12,"column":292}}]},"6":{"line":12,"type":"binary-expr","locations":[{"start":{"line":12,"column":294},"end":{"line":12,"column":302}},{"start":{"line":12,"column":305},"end":{"line":12,"column":318}}]},"7":{"line":12,"type":"binary-expr","locations":[{"start":{"line":12,"column":320},"end":{"line":12,"column":328}},{"start":{"line":12,"column":331},"end":{"line":12,"column":346}}]},"8":{"line":12,"type":"binary-expr","locations":[{"start":{"line":12,"column":348},"end":{"line":12,"column":356}},{"start":{"line":12,"column":359},"end":{"line":12,"column":376}}]},"9":{"line":12,"type":"binary-expr","locations":[{"start":{"line":12,"column":378},"end":{"line":12,"column":400}},{"start":{"line":12,"column":403},"end":{"line":12,"column":418}}]},"10":{"line":12,"type":"binary-expr","locations":[{"start":{"line":12,"column":420},"end":{"line":12,"column":442}},{"start":{"line":12,"column":445},"end":{"line":12,"column":463}}]},"11":{"line":12,"type":"if","locations":[{"start":{"line":12,"column":479},"end":{"line":12,"column":479}},{"start":{"line":12,"column":479},"end":{"line":12,"column":479}}]},"12":{"line":12,"type":"binary-expr","locations":[{"start":{"line":12,"column":482},"end":{"line":12,"column":484}},{"start":{"line":12,"column":486},"end":{"line":12,"column":489}}]},"13":{"line":13,"type":"if","locations":[{"start":{"line":13,"column":13},"end":{"line":13,"column":13}},{"start":{"line":13,"column":13},"end":{"line":13,"column":13}}]},"14":{"line":13,"type":"binary-expr","locations":[{"start":{"line":13,"column":16},"end":{"line":13,"column":18}},{"start":{"line":13,"column":20},"end":{"line":13,"column":23}}]},"15":{"line":13,"type":"cond-expr","locations":[{"start":{"line":13,"column":34},"end":{"line":13,"column":41}},{"start":{"line":13,"column":42},"end":{"line":13,"column":48}}]},"16":{"line":13,"type":"binary-expr","locations":[{"start":{"line":13,"column":182},"end":{"line":13,"column":198}},{"start":{"line":13,"column":200},"end":{"line":13,"column":214}}]},"17":{"line":13,"type":"cond-expr","locations":[{"start":{"line":13,"column":347},"end":{"line":13,"column":356}},{"start":{"line":13,"column":357},"end":{"line":13,"column":410}}]},"18":{"line":13,"type":"binary-expr","locations":[{"start":{"line":13,"column":300},"end":{"line":13,"column":320}},{"start":{"line":13,"column":322},"end":{"line":13,"column":346}}]},"19":{"line":13,"type":"if","locations":[{"start":{"line":13,"column":415},"end":{"line":13,"column":415}},{"start":{"line":13,"column":415},"end":{"line":13,"column":415}}]},"20":{"line":14,"type":"if","locations":[{"start":{"line":14,"column":45},"end":{"line":14,"column":45}},{"start":{"line":14,"column":45},"end":{"line":14,"column":45}}]},"21":{"line":14,"type":"if","locations":[{"start":{"line":14,"column":173},"end":{"line":14,"column":173}},{"start":{"line":14,"column":173},"end":{"line":14,"column":173}}]},"22":{"line":14,"type":"cond-expr","locations":[{"start":{"line":14,"column":336},"end":{"line":14,"column":361}},{"start":{"line":14,"column":362},"end":{"line":14,"column":388}}]}},"code":["/*! Copyright (c) 2013 Brandon Aaron (http://brandonaaron.net)"," * Licensed under the MIT License (LICENSE.txt)."," *"," * Thanks to: http://adomas.org/javascript-mouse-wheel/ for some pointers."," * Thanks to: Mathias Bank(http://www.mathias-bank.de) for a scope bug fix."," * Thanks to: Seamus Leahy for adding deltaX and deltaY"," *"," * Version: 3.1.3"," *"," * Requires: 1.2.2+"," */",";(function(c){\"function\"===typeof define&&define.amd?define([\"jquery\"],c):\"object\"===typeof exports?module.exports=c:c(jQuery)})(function(c){function l(b){var a=b||window.event,h=[].slice.call(arguments,1),d=0,e=0,f=0,g=0,g=0;b=c.event.fix(a);b.type=\"mousewheel\";a.wheelDelta&&(d=a.wheelDelta);a.detail&&(d=-1*a.detail);a.deltaY&&(d=f=-1*a.deltaY);a.deltaX&&(e=a.deltaX,d=-1*e);void 0!==a.wheelDeltaY&&(f=a.wheelDeltaY);void 0!==a.wheelDeltaX&&(e=-1*a.wheelDeltaX);g=Math.abs(d);if(!m||g<m)m=g;g=Math.max(Math.abs(f),","Math.abs(e));if(!k||g<k)k=g;a=0<d?\"floor\":\"ceil\";d=Math[a](d/m);e=Math[a](e/k);f=Math[a](f/k);try{b.originalEvent.hasOwnProperty(\"wheelDelta\")}catch(l){f=d}h.unshift(b,d,e,f);return(c.event.dispatch||c.event.handle).apply(this,h)}var n=[\"wheel\",\"mousewheel\",\"DOMMouseScroll\",\"MozMousePixelScroll\"],h=\"onwheel\"in document||9<=document.documentMode?[\"wheel\"]:[\"mousewheel\",\"DomMouseScroll\",\"MozMousePixelScroll\"],m,k;if(c.event.fixHooks)for(var p=n.length;p;)c.event.fixHooks[n[--p]]=c.event.mouseHooks;","c.event.special.mousewheel={setup:function(){if(this.addEventListener)for(var b=h.length;b;)this.addEventListener(h[--b],l,!1);else this.onmousewheel=l},teardown:function(){if(this.removeEventListener)for(var b=h.length;b;)this.removeEventListener(h[--b],l,!1);else this.onmousewheel=null}};c.fn.extend({mousewheel:function(b){return b?this.bind(\"mousewheel\",b):this.trigger(\"mousewheel\")},unmousewheel:function(b){return this.unbind(\"mousewheel\",b)}})});"],"l":{"12":1,"13":0,"14":0}}}